2025-04-06 19:29:51,152 - INFO - é–‹å§‹åŸ·è¡Œçˆ¬èŸ²ç¨‹åº
2025-04-06 19:29:51,163 - INFO - è³‡æ–™åº«åˆå§‹åŒ–æˆåŠŸ
2025-04-06 19:29:51,166 - INFO - file_cache is only supported with oauth2client<4.0.0
2025-04-06 19:29:51,170 - INFO - é–‹å§‹æœå°‹é—œéµå­—: Minecraft creator
2025-04-06 19:29:54,074 - INFO - æ‰¾åˆ° 20 å€‹å‰µä½œè€…
2025-04-06 19:29:54,100 - INFO - å·²ä¿å­˜å‰µä½œè€…: Minecraft Creator Channel
2025-04-06 19:29:54,103 - INFO - å·²ä¿å­˜å‰µä½œè€…: Master Creator Minecraft
2025-04-06 19:29:54,105 - INFO - å·²ä¿å­˜å‰µä½œè€…: Minecraft Creator
2025-04-06 19:29:54,106 - INFO - å·²ä¿å­˜å‰µä½œè€…: Minecraft CREATOR 
2025-04-06 19:29:54,108 - INFO - å·²ä¿å­˜å‰µä½œè€…: minecraft film creator
2025-04-06 19:29:54,110 - INFO - å·²ä¿å­˜å‰µä½œè€…: [STARS]
2025-04-06 19:29:54,111 - INFO - å·²ä¿å­˜å‰µä½œè€…: MINECRAFT CREATOR
2025-04-06 19:29:54,113 - INFO - å·²ä¿å­˜å‰µä½œè€…: Minecraft Home Creator
2025-04-06 19:29:54,115 - INFO - å·²ä¿å­˜å‰µä½œè€…: Minecraft Creator
2025-04-06 19:29:54,117 - INFO - å·²ä¿å­˜å‰µä½œè€…: Minecraft creator
2025-04-06 19:29:54,118 - INFO - å·²ä¿å­˜å‰µä½œè€…: Minecraft Creator
2025-04-06 19:29:54,120 - INFO - å·²ä¿å­˜å‰µä½œè€…: Creator of the Impossible in Minecraft 
2025-04-06 19:29:54,121 - INFO - å·²ä¿å­˜å‰µä½œè€…: MINECRAFT CREATOR
2025-04-06 19:29:54,122 - INFO - å·²ä¿å­˜å‰µä½œè€…: Minecraft creator 
2025-04-06 19:29:54,123 - INFO - å·²ä¿å­˜å‰µä½œè€…: Minecraft Creator
2025-04-06 19:29:54,125 - INFO - å·²ä¿å­˜å‰µä½œè€…: Minecraft Creator
2025-04-06 19:29:54,127 - INFO - å·²ä¿å­˜å‰µä½œè€…: Minecraft creator
2025-04-06 19:29:54,128 - INFO - å·²ä¿å­˜å‰µä½œè€…: minecraft creator
2025-04-06 19:29:54,129 - INFO - å·²ä¿å­˜å‰µä½œè€…: The Minecraft Creator
2025-04-06 19:29:54,131 - INFO - å·²ä¿å­˜å‰µä½œè€…: LinkTijger
2025-04-06 19:29:55,136 - INFO - é–‹å§‹æœå°‹é—œéµå­—: Minecraft YouTuber
2025-04-06 19:29:57,771 - INFO - æ‰¾åˆ° 20 å€‹å‰µä½œè€…
2025-04-06 19:29:57,779 - INFO - å·²ä¿å­˜å‰µä½œè€…: Minecraft - Topic
2025-04-06 19:29:57,785 - INFO - å·²ä¿å­˜å‰µä½œè€…: Minecraft
2025-04-06 19:29:57,790 - INFO - å·²ä¿å­˜å‰µä½œè€…: Dream
2025-04-06 19:29:57,793 - INFO - å·²ä¿å­˜å‰µä½œè€…: Mikecrack
2025-04-06 19:29:57,796 - INFO - å·²ä¿å­˜å‰µä½œè€…: Technoblade
2025-04-06 19:29:57,798 - INFO - å·²ä¿å­˜å‰µä½œè€…: Grian
2025-04-06 19:29:57,799 - INFO - å·²ä¿å­˜å‰µä½œè€…: Myles
2025-04-06 19:29:57,801 - INFO - å·²ä¿å­˜å‰µä½œè€…: Kuya Tank - Minecraft
2025-04-06 19:29:57,803 - INFO - å·²ä¿å­˜å‰µä½œè€…: Target3DGaming
2025-04-06 19:29:57,804 - INFO - å·²ä¿å­˜å‰µä½œè€…: PopularMMOs
2025-04-06 19:29:57,805 - INFO - å·²ä¿å­˜å‰µä½œè€…: MC Naveed - Minecraft
2025-04-06 19:29:57,807 - INFO - å·²ä¿å­˜å‰µä½œè€…: LakiYT Minecraft
2025-04-06 19:29:57,808 - INFO - å·²ä¿å­˜å‰µä½œè€…: Minecraft Animation Indonesia
2025-04-06 19:29:57,809 - INFO - å·²ä¿å­˜å‰µä½œè€…: KIDING Minecraft
2025-04-06 19:29:57,811 - INFO - å·²ä¿å­˜å‰µä½œè€…: GPlay: Minecraft Jest Nasz!
2025-04-06 19:29:57,812 - INFO - å·²ä¿å­˜å‰µä½œè€…: Minecraft FNAF
2025-04-06 19:29:57,813 - INFO - å·²ä¿å­˜å‰µä½œè€…: ElestialHD
2025-04-06 19:29:57,814 - INFO - å·²ä¿å­˜å‰µä½œè€…: Little Lizard Adventures
2025-04-06 19:29:57,816 - INFO - å·²ä¿å­˜å‰µä½œè€…: Minecraft Royale
2025-04-06 19:29:57,817 - INFO - å·²ä¿å­˜å‰µä½œè€…: Mikey & JJ - Minecraft
2025-04-06 19:29:58,822 - INFO - é–‹å§‹æœå°‹é—œéµå­—: Minecraft content creator
2025-04-06 19:30:01,139 - INFO - æ‰¾åˆ° 20 å€‹å‰µä½œè€…
2025-04-06 19:30:01,142 - INFO - å·²ä¿å­˜å‰µä½œè€…: Minecraft Content Creators
2025-04-06 19:30:01,144 - INFO - å·²ä¿å­˜å‰µä½œè€…: Minecraft content creator
2025-04-06 19:30:01,146 - INFO - å·²ä¿å­˜å‰µä½œè€…: minecraft Content creator
2025-04-06 19:30:01,148 - INFO - å·²ä¿å­˜å‰µä½œè€…: doctor4t
2025-04-06 19:30:01,150 - INFO - å·²ä¿å­˜å‰µä½œè€…: MIscelaniouse Minecraft Content Creator
2025-04-06 19:30:01,152 - INFO - å·²ä¿å­˜å‰µä½œè€…: Minecraft bros
2025-04-06 19:30:01,154 - INFO - å·²ä¿å­˜å‰µä½œè€…: McCartneyStan
2025-04-06 19:30:01,155 - INFO - å·²ä¿å­˜å‰µä½œè€…: Slip
2025-04-06 19:30:01,157 - INFO - å·²ä¿å­˜å‰µä½œè€…: Aidn
2025-04-06 19:30:01,159 - INFO - å·²ä¿å­˜å‰µä½œè€…: Alwisusilo
2025-04-06 19:30:01,161 - INFO - å·²ä¿å­˜å‰µä½œè€…: Minecraft goat!
2025-04-06 19:30:01,163 - INFO - å·²ä¿å­˜å‰µä½œè€…: ChrisMC
2025-04-06 19:30:01,165 - INFO - å·²ä¿å­˜å‰µä½œè€…: KennyDev91
2025-04-06 19:30:01,166 - INFO - å·²ä¿å­˜å‰µä½œè€…: thepicnik
2025-04-06 19:30:01,168 - INFO - å·²ä¿å­˜å‰µä½œè€…: TEC Minecraft
2025-04-06 19:30:01,169 - INFO - å·²ä¿å­˜å‰µä½œè€…: MINECRAFT RK
2025-04-06 19:30:01,171 - INFO - å·²ä¿å­˜å‰µä½œè€…: CJL
2025-04-06 19:30:01,172 - INFO - å·²ä¿å­˜å‰µä½œè€…: The Minecraft Interviews
2025-04-06 19:30:01,173 - INFO - å·²ä¿å­˜å‰µä½œè€…: LemsCraft
2025-04-06 19:30:01,175 - INFO - å·²ä¿å­˜å‰µä½œè€…: Valatic
2025-04-06 19:30:02,180 - INFO - é–‹å§‹æœå°‹é—œéµå­—: Minecraft streamer
2025-04-06 19:30:04,793 - INFO - æ‰¾åˆ° 20 å€‹å‰µä½œè€…
2025-04-06 19:30:04,799 - INFO - å·²ä¿å­˜å‰µä½œè€…: Gamers React
2025-04-06 19:30:04,803 - WARNING - ä¿å­˜å‰µä½œè€…å¤±æ•—: Technoblade
2025-04-06 19:30:04,808 - WARNING - ä¿å­˜å‰µä½œè€…å¤±æ•—: Minecraft
2025-04-06 19:30:04,811 - WARNING - ä¿å­˜å‰µä½œè€…å¤±æ•—: Dream
2025-04-06 19:30:04,814 - INFO - å·²ä¿å­˜å‰µä½œè€…: Dream Team Streams
2025-04-06 19:30:04,816 - INFO - å·²ä¿å­˜å‰µä½œè€…: EYstreem
2025-04-06 19:30:04,818 - INFO - å·²ä¿å­˜å‰µä½œè€…: EdisonPts
2025-04-06 19:30:04,820 - INFO - å·²ä¿å­˜å‰µä½œè€…: Minecraft streamer
2025-04-06 19:30:04,821 - INFO - å·²ä¿å­˜å‰µä½œè€…: GeorgeNotFound Streams
2025-04-06 19:30:04,823 - INFO - å·²ä¿å­˜å‰µä½œè€…: Adults Only Minecraft
2025-04-06 19:30:04,825 - INFO - å·²ä¿å­˜å‰µä½œè€…: McCitron
2025-04-06 19:30:04,827 - INFO - å·²ä¿å­˜å‰µä½œè€…: TommyVODS
2025-04-06 19:30:04,828 - INFO - å·²ä¿å­˜å‰µä½œè€…: TommyInnit
2025-04-06 19:30:04,829 - INFO - å·²ä¿å­˜å‰µä½œè€…: YOUNG MULTI LIVE
2025-04-06 19:30:04,831 - INFO - å·²ä¿å­˜å‰µä½œè€…: Etoiles
2025-04-06 19:30:04,833 - INFO - å·²ä¿å­˜å‰µä½œè€…: Doni Bobes
2025-04-06 19:30:04,834 - INFO - å·²ä¿å­˜å‰µä½œè€…: Minecraft Streamer
2025-04-06 19:30:04,835 - INFO - å·²ä¿å­˜å‰µä½œè€…: Top Minecraft Streamer Clips
2025-04-06 19:30:04,837 - INFO - å·²ä¿å­˜å‰µä½œè€…: Minecraft streamer
2025-04-06 19:30:04,838 - INFO - å·²ä¿å­˜å‰µä½œè€…: Minecraft DONO
2025-04-06 19:30:05,843 - INFO - æ­£åœ¨çˆ¬å–ç¬¬ 1/77 å€‹å‰µä½œè€…: Minecraft Creator Channel
2025-04-06 19:30:06,691 - INFO - å®Œæˆçˆ¬å– Minecraft Creator Channel çš„å…§å®¹
2025-04-06 19:30:08,696 - INFO - æ­£åœ¨çˆ¬å–ç¬¬ 2/77 å€‹å‰µä½œè€…: Master Creator Minecraft
2025-04-06 19:30:09,190 - INFO - å®Œæˆçˆ¬å– Master Creator Minecraft çš„å…§å®¹
2025-04-06 19:30:11,196 - INFO - æ­£åœ¨çˆ¬å–ç¬¬ 3/77 å€‹å‰µä½œè€…: Minecraft Creator
2025-04-06 19:30:11,686 - INFO - å®Œæˆçˆ¬å– Minecraft Creator çš„å…§å®¹
2025-04-06 19:30:13,691 - INFO - æ­£åœ¨çˆ¬å–ç¬¬ 4/77 å€‹å‰µä½œè€…: Minecraft CREATOR 
2025-04-06 19:30:14,154 - INFO - å®Œæˆçˆ¬å– Minecraft CREATOR  çš„å…§å®¹
2025-04-06 19:30:16,157 - INFO - æ­£åœ¨çˆ¬å–ç¬¬ 5/77 å€‹å‰µä½œè€…: minecraft film creator
2025-04-06 19:30:16,567 - INFO - å®Œæˆçˆ¬å– minecraft film creator çš„å…§å®¹
2025-04-06 19:30:18,572 - INFO - æ­£åœ¨çˆ¬å–ç¬¬ 6/77 å€‹å‰µä½œè€…: [STARS]
2025-04-06 19:30:19,004 - INFO - å®Œæˆçˆ¬å– [STARS] çš„å…§å®¹
2025-04-06 19:30:21,009 - INFO - æ­£åœ¨çˆ¬å–ç¬¬ 7/77 å€‹å‰µä½œè€…: MINECRAFT CREATOR
2025-04-06 19:30:21,333 - INFO - å®Œæˆçˆ¬å– MINECRAFT CREATOR çš„å…§å®¹
2025-04-06 19:30:23,338 - INFO - æ­£åœ¨çˆ¬å–ç¬¬ 8/77 å€‹å‰µä½œè€…: Minecraft Home Creator
2025-04-06 19:30:23,721 - INFO - å®Œæˆçˆ¬å– Minecraft Home Creator çš„å…§å®¹
2025-04-06 19:30:25,726 - INFO - æ­£åœ¨çˆ¬å–ç¬¬ 9/77 å€‹å‰µä½œè€…: Minecraft Creator
2025-04-06 19:30:26,083 - INFO - å®Œæˆçˆ¬å– Minecraft Creator çš„å…§å®¹
2025-04-06 19:30:28,089 - INFO - æ­£åœ¨çˆ¬å–ç¬¬ 10/77 å€‹å‰µä½œè€…: Minecraft creator
2025-04-06 19:30:28,459 - INFO - å®Œæˆçˆ¬å– Minecraft creator çš„å…§å®¹
2025-04-06 19:30:30,465 - INFO - æ­£åœ¨çˆ¬å–ç¬¬ 11/77 å€‹å‰µä½œè€…: Minecraft Creator
2025-04-06 19:30:30,920 - INFO - å®Œæˆçˆ¬å– Minecraft Creator çš„å…§å®¹
2025-04-06 19:30:32,926 - INFO - æ­£åœ¨çˆ¬å–ç¬¬ 12/77 å€‹å‰µä½œè€…: Creator of the Impossible in Minecraft 
2025-04-06 19:30:33,322 - INFO - å®Œæˆçˆ¬å– Creator of the Impossible in Minecraft  çš„å…§å®¹
2025-04-06 19:30:35,327 - INFO - æ­£åœ¨çˆ¬å–ç¬¬ 13/77 å€‹å‰µä½œè€…: MINECRAFT CREATOR
2025-04-06 19:30:35,720 - INFO - å®Œæˆçˆ¬å– MINECRAFT CREATOR çš„å…§å®¹
2025-04-06 19:30:37,725 - INFO - æ­£åœ¨çˆ¬å–ç¬¬ 14/77 å€‹å‰µä½œè€…: Minecraft creator 
2025-04-06 19:30:38,027 - INFO - å®Œæˆçˆ¬å– Minecraft creator  çš„å…§å®¹
2025-04-06 19:30:40,033 - INFO - æ­£åœ¨çˆ¬å–ç¬¬ 15/77 å€‹å‰µä½œè€…: Minecraft Creator
2025-04-06 19:30:40,418 - INFO - å®Œæˆçˆ¬å– Minecraft Creator çš„å…§å®¹
2025-04-06 19:30:42,423 - INFO - æ­£åœ¨çˆ¬å–ç¬¬ 16/77 å€‹å‰µä½œè€…: Minecraft Creator
2025-04-06 19:30:42,742 - INFO - å®Œæˆçˆ¬å– Minecraft Creator çš„å…§å®¹
2025-04-06 19:30:44,744 - INFO - æ­£åœ¨çˆ¬å–ç¬¬ 17/77 å€‹å‰µä½œè€…: Minecraft creator
2025-04-06 19:30:45,122 - INFO - å®Œæˆçˆ¬å– Minecraft creator çš„å…§å®¹
2025-04-06 19:30:47,127 - INFO - æ­£åœ¨çˆ¬å–ç¬¬ 18/77 å€‹å‰µä½œè€…: minecraft creator
2025-04-06 19:30:47,472 - INFO - å®Œæˆçˆ¬å– minecraft creator çš„å…§å®¹
2025-04-06 19:30:49,473 - INFO - æ­£åœ¨çˆ¬å–ç¬¬ 19/77 å€‹å‰µä½œè€…: The Minecraft Creator
2025-04-06 19:30:49,804 - INFO - å®Œæˆçˆ¬å– The Minecraft Creator çš„å…§å®¹
2025-04-06 19:30:51,806 - INFO - æ­£åœ¨çˆ¬å–ç¬¬ 20/77 å€‹å‰µä½œè€…: LinkTijger
2025-04-06 19:30:52,829 - INFO - å®Œæˆçˆ¬å– LinkTijger çš„å…§å®¹
2025-04-06 19:30:54,834 - INFO - æ­£åœ¨çˆ¬å–ç¬¬ 21/77 å€‹å‰µä½œè€…: Minecraft - Topic
2025-04-06 19:30:55,111 - INFO - å®Œæˆçˆ¬å– Minecraft - Topic çš„å…§å®¹
2025-04-06 19:30:57,117 - INFO - æ­£åœ¨çˆ¬å–ç¬¬ 22/77 å€‹å‰µä½œè€…: Minecraft
2025-04-06 19:30:57,775 - INFO - å®Œæˆçˆ¬å– Minecraft çš„å…§å®¹
2025-04-06 19:30:59,780 - INFO - æ­£åœ¨çˆ¬å–ç¬¬ 23/77 å€‹å‰µä½œè€…: Dream
2025-04-06 19:31:00,170 - INFO - å®Œæˆçˆ¬å– Dream çš„å…§å®¹
2025-04-06 19:31:02,175 - INFO - æ­£åœ¨çˆ¬å–ç¬¬ 24/77 å€‹å‰µä½œè€…: Mikecrack
2025-04-06 19:31:02,837 - INFO - å®Œæˆçˆ¬å– Mikecrack çš„å…§å®¹
2025-04-06 19:31:04,842 - INFO - æ­£åœ¨çˆ¬å–ç¬¬ 25/77 å€‹å‰µä½œè€…: Technoblade
2025-04-06 19:31:05,414 - INFO - å®Œæˆçˆ¬å– Technoblade çš„å…§å®¹
2025-04-06 19:31:07,420 - INFO - æ­£åœ¨çˆ¬å–ç¬¬ 26/77 å€‹å‰µä½œè€…: Grian
2025-04-06 19:31:07,950 - INFO - å®Œæˆçˆ¬å– Grian çš„å…§å®¹
2025-04-06 19:31:09,955 - INFO - æ­£åœ¨çˆ¬å–ç¬¬ 27/77 å€‹å‰µä½œè€…: Myles
2025-04-06 19:31:10,364 - INFO - å®Œæˆçˆ¬å– Myles çš„å…§å®¹
2025-04-06 19:31:12,369 - INFO - æ­£åœ¨çˆ¬å–ç¬¬ 28/77 å€‹å‰µä½œè€…: Kuya Tank - Minecraft
2025-04-06 19:31:12,764 - INFO - å®Œæˆçˆ¬å– Kuya Tank - Minecraft çš„å…§å®¹
2025-04-06 19:31:14,769 - INFO - æ­£åœ¨çˆ¬å–ç¬¬ 29/77 å€‹å‰µä½œè€…: Target3DGaming
2025-04-06 19:31:15,445 - INFO - å®Œæˆçˆ¬å– Target3DGaming çš„å…§å®¹
2025-04-06 19:31:17,447 - INFO - æ­£åœ¨çˆ¬å–ç¬¬ 30/77 å€‹å‰µä½œè€…: PopularMMOs
2025-04-06 19:31:17,865 - INFO - å®Œæˆçˆ¬å– PopularMMOs çš„å…§å®¹
2025-04-06 19:31:19,870 - INFO - æ­£åœ¨çˆ¬å–ç¬¬ 31/77 å€‹å‰µä½œè€…: MC Naveed - Minecraft
2025-04-06 19:31:20,588 - INFO - å®Œæˆçˆ¬å– MC Naveed - Minecraft çš„å…§å®¹
2025-04-06 19:31:22,593 - INFO - æ­£åœ¨çˆ¬å–ç¬¬ 32/77 å€‹å‰µä½œè€…: LakiYT Minecraft
2025-04-06 19:31:23,179 - INFO - å®Œæˆçˆ¬å– LakiYT Minecraft çš„å…§å®¹
2025-04-06 19:31:25,184 - INFO - æ­£åœ¨çˆ¬å–ç¬¬ 33/77 å€‹å‰µä½œè€…: Minecraft Animation Indonesia
2025-04-06 19:31:25,693 - INFO - å®Œæˆçˆ¬å– Minecraft Animation Indonesia çš„å…§å®¹
2025-04-06 19:31:27,698 - INFO - æ­£åœ¨çˆ¬å–ç¬¬ 34/77 å€‹å‰µä½œè€…: KIDING Minecraft
2025-04-06 19:31:28,127 - INFO - å®Œæˆçˆ¬å– KIDING Minecraft çš„å…§å®¹
2025-04-06 19:31:30,132 - INFO - æ­£åœ¨çˆ¬å–ç¬¬ 35/77 å€‹å‰µä½œè€…: GPlay: Minecraft Jest Nasz!
2025-04-06 19:31:30,965 - INFO - å®Œæˆçˆ¬å– GPlay: Minecraft Jest Nasz! çš„å…§å®¹
2025-04-06 19:31:32,970 - INFO - æ­£åœ¨çˆ¬å–ç¬¬ 36/77 å€‹å‰µä½œè€…: Minecraft FNAF
2025-04-06 19:31:33,430 - INFO - å®Œæˆçˆ¬å– Minecraft FNAF çš„å…§å®¹
2025-04-06 19:31:35,435 - INFO - æ­£åœ¨çˆ¬å–ç¬¬ 37/77 å€‹å‰µä½œè€…: ElestialHD
2025-04-06 19:31:36,142 - INFO - å®Œæˆçˆ¬å– ElestialHD çš„å…§å®¹
2025-04-06 19:31:38,148 - INFO - æ­£åœ¨çˆ¬å–ç¬¬ 38/77 å€‹å‰µä½œè€…: Little Lizard Adventures
2025-04-06 19:31:38,548 - INFO - å®Œæˆçˆ¬å– Little Lizard Adventures çš„å…§å®¹
2025-04-06 19:31:40,553 - INFO - æ­£åœ¨çˆ¬å–ç¬¬ 39/77 å€‹å‰µä½œè€…: Minecraft Royale
2025-04-06 19:31:40,983 - INFO - å®Œæˆçˆ¬å– Minecraft Royale çš„å…§å®¹
2025-04-06 19:31:42,988 - INFO - æ­£åœ¨çˆ¬å–ç¬¬ 40/77 å€‹å‰µä½œè€…: Mikey & JJ - Minecraft
2025-04-06 19:31:43,490 - INFO - å®Œæˆçˆ¬å– Mikey & JJ - Minecraft çš„å…§å®¹
2025-04-06 19:31:45,495 - INFO - æ­£åœ¨çˆ¬å–ç¬¬ 41/77 å€‹å‰µä½œè€…: Minecraft Content Creators
2025-04-06 19:31:45,927 - INFO - å®Œæˆçˆ¬å– Minecraft Content Creators çš„å…§å®¹
2025-04-06 19:31:47,932 - INFO - æ­£åœ¨çˆ¬å–ç¬¬ 42/77 å€‹å‰µä½œè€…: Minecraft content creator
2025-04-06 19:31:48,373 - INFO - å®Œæˆçˆ¬å– Minecraft content creator çš„å…§å®¹
2025-04-06 19:31:50,376 - INFO - æ­£åœ¨çˆ¬å–ç¬¬ 43/77 å€‹å‰µä½œè€…: minecraft Content creator
2025-04-06 19:31:50,689 - INFO - å®Œæˆçˆ¬å– minecraft Content creator çš„å…§å®¹
2025-04-06 19:31:52,694 - INFO - æ­£åœ¨çˆ¬å–ç¬¬ 44/77 å€‹å‰µä½œè€…: doctor4t
2025-04-06 19:31:53,076 - INFO - å®Œæˆçˆ¬å– doctor4t çš„å…§å®¹
2025-04-06 19:31:55,081 - INFO - æ­£åœ¨çˆ¬å–ç¬¬ 45/77 å€‹å‰µä½œè€…: MIscelaniouse Minecraft Content Creator
2025-04-06 19:31:55,419 - INFO - å®Œæˆçˆ¬å– MIscelaniouse Minecraft Content Creator çš„å…§å®¹
2025-04-06 19:31:57,424 - INFO - æ­£åœ¨çˆ¬å–ç¬¬ 46/77 å€‹å‰µä½œè€…: Minecraft bros
2025-04-06 19:31:57,749 - INFO - å®Œæˆçˆ¬å– Minecraft bros çš„å…§å®¹
2025-04-06 19:31:59,750 - INFO - æ­£åœ¨çˆ¬å–ç¬¬ 47/77 å€‹å‰µä½œè€…: McCartneyStan
2025-04-06 19:32:00,428 - INFO - å®Œæˆçˆ¬å– McCartneyStan çš„å…§å®¹
2025-04-06 19:32:02,433 - INFO - æ­£åœ¨çˆ¬å–ç¬¬ 48/77 å€‹å‰µä½œè€…: Slip
2025-04-06 19:32:02,848 - INFO - å®Œæˆçˆ¬å– Slip çš„å…§å®¹
2025-04-06 19:32:04,853 - INFO - æ­£åœ¨çˆ¬å–ç¬¬ 49/77 å€‹å‰µä½œè€…: Aidn
2025-04-06 19:32:05,225 - INFO - å®Œæˆçˆ¬å– Aidn çš„å…§å®¹
2025-04-06 19:32:07,230 - INFO - æ­£åœ¨çˆ¬å–ç¬¬ 50/77 å€‹å‰µä½œè€…: Alwisusilo
2025-04-06 19:32:07,728 - INFO - å®Œæˆçˆ¬å– Alwisusilo çš„å…§å®¹
2025-04-06 19:32:09,733 - INFO - æ­£åœ¨çˆ¬å–ç¬¬ 51/77 å€‹å‰µä½œè€…: Minecraft goat!
2025-04-06 19:32:10,074 - INFO - å®Œæˆçˆ¬å– Minecraft goat! çš„å…§å®¹
2025-04-06 19:32:12,075 - INFO - æ­£åœ¨çˆ¬å–ç¬¬ 52/77 å€‹å‰µä½œè€…: ChrisMC
2025-04-06 19:32:12,581 - INFO - å®Œæˆçˆ¬å– ChrisMC çš„å…§å®¹
2025-04-06 19:32:14,586 - INFO - æ­£åœ¨çˆ¬å–ç¬¬ 53/77 å€‹å‰µä½œè€…: KennyDev91
2025-04-06 19:32:14,977 - INFO - å®Œæˆçˆ¬å– KennyDev91 çš„å…§å®¹
2025-04-06 19:32:16,982 - INFO - æ­£åœ¨çˆ¬å–ç¬¬ 54/77 å€‹å‰µä½œè€…: thepicnik
2025-04-06 19:32:17,567 - INFO - å®Œæˆçˆ¬å– thepicnik çš„å…§å®¹
2025-04-06 19:32:19,572 - INFO - æ­£åœ¨çˆ¬å–ç¬¬ 55/77 å€‹å‰µä½œè€…: TEC Minecraft
2025-04-06 19:32:19,955 - INFO - å®Œæˆçˆ¬å– TEC Minecraft çš„å…§å®¹
2025-04-06 19:32:21,960 - INFO - æ­£åœ¨çˆ¬å–ç¬¬ 56/77 å€‹å‰µä½œè€…: MINECRAFT RK
2025-04-06 19:32:22,421 - INFO - å®Œæˆçˆ¬å– MINECRAFT RK çš„å…§å®¹
2025-04-06 19:32:24,429 - INFO - æ­£åœ¨çˆ¬å–ç¬¬ 57/77 å€‹å‰µä½œè€…: CJL
2025-04-06 19:32:25,137 - INFO - å®Œæˆçˆ¬å– CJL çš„å…§å®¹
2025-04-06 19:32:27,142 - INFO - æ­£åœ¨çˆ¬å–ç¬¬ 58/77 å€‹å‰µä½œè€…: The Minecraft Interviews
2025-04-06 19:32:27,542 - INFO - å®Œæˆçˆ¬å– The Minecraft Interviews çš„å…§å®¹
2025-04-06 19:32:29,547 - INFO - æ­£åœ¨çˆ¬å–ç¬¬ 59/77 å€‹å‰µä½œè€…: LemsCraft
2025-04-06 19:32:30,075 - INFO - å®Œæˆçˆ¬å– LemsCraft çš„å…§å®¹
2025-04-06 19:32:32,080 - INFO - æ­£åœ¨çˆ¬å–ç¬¬ 60/77 å€‹å‰µä½œè€…: Valatic
2025-04-06 19:32:32,534 - INFO - å®Œæˆçˆ¬å– Valatic çš„å…§å®¹
2025-04-06 19:32:34,539 - INFO - æ­£åœ¨çˆ¬å–ç¬¬ 61/77 å€‹å‰µä½œè€…: Gamers React
2025-04-06 19:32:34,986 - INFO - å®Œæˆçˆ¬å– Gamers React çš„å…§å®¹
2025-04-06 19:32:36,991 - INFO - æ­£åœ¨çˆ¬å–ç¬¬ 62/77 å€‹å‰µä½œè€…: Dream Team Streams
2025-04-06 19:32:37,397 - INFO - å®Œæˆçˆ¬å– Dream Team Streams çš„å…§å®¹
2025-04-06 19:32:39,402 - INFO - æ­£åœ¨çˆ¬å–ç¬¬ 63/77 å€‹å‰µä½œè€…: EYstreem
2025-04-06 19:32:40,247 - INFO - å®Œæˆçˆ¬å– EYstreem çš„å…§å®¹
2025-04-06 19:32:42,252 - INFO - æ­£åœ¨çˆ¬å–ç¬¬ 64/77 å€‹å‰µä½œè€…: EdisonPts
2025-04-06 19:32:43,446 - INFO - å®Œæˆçˆ¬å– EdisonPts çš„å…§å®¹
2025-04-06 19:32:45,451 - INFO - æ­£åœ¨çˆ¬å–ç¬¬ 65/77 å€‹å‰µä½œè€…: Minecraft streamer
2025-04-06 19:32:45,902 - INFO - å®Œæˆçˆ¬å– Minecraft streamer çš„å…§å®¹
2025-04-06 19:32:47,907 - INFO - æ­£åœ¨çˆ¬å–ç¬¬ 66/77 å€‹å‰µä½œè€…: GeorgeNotFound Streams
2025-04-06 19:32:48,312 - INFO - å®Œæˆçˆ¬å– GeorgeNotFound Streams çš„å…§å®¹
2025-04-06 19:32:50,317 - INFO - æ­£åœ¨çˆ¬å–ç¬¬ 67/77 å€‹å‰µä½œè€…: Adults Only Minecraft
2025-04-06 19:32:51,167 - INFO - å®Œæˆçˆ¬å– Adults Only Minecraft çš„å…§å®¹
2025-04-06 19:32:53,172 - INFO - æ­£åœ¨çˆ¬å–ç¬¬ 68/77 å€‹å‰µä½œè€…: McCitron
2025-04-06 19:32:53,826 - INFO - å®Œæˆçˆ¬å– McCitron çš„å…§å®¹
2025-04-06 19:32:55,831 - INFO - æ­£åœ¨çˆ¬å–ç¬¬ 69/77 å€‹å‰µä½œè€…: TommyVODS
2025-04-06 19:32:56,220 - INFO - å®Œæˆçˆ¬å– TommyVODS çš„å…§å®¹
2025-04-06 19:32:58,226 - INFO - æ­£åœ¨çˆ¬å–ç¬¬ 70/77 å€‹å‰µä½œè€…: TommyInnit
2025-04-06 19:32:58,766 - INFO - å®Œæˆçˆ¬å– TommyInnit çš„å…§å®¹
2025-04-06 19:33:00,771 - INFO - æ­£åœ¨çˆ¬å–ç¬¬ 71/77 å€‹å‰µä½œè€…: YOUNG MULTI LIVE
2025-04-06 19:33:01,396 - INFO - å®Œæˆçˆ¬å– YOUNG MULTI LIVE çš„å…§å®¹
2025-04-06 19:33:03,398 - INFO - æ­£åœ¨çˆ¬å–ç¬¬ 72/77 å€‹å‰µä½œè€…: Etoiles
2025-04-06 19:33:03,973 - INFO - å®Œæˆçˆ¬å– Etoiles çš„å…§å®¹
2025-04-06 19:33:05,978 - INFO - æ­£åœ¨çˆ¬å–ç¬¬ 73/77 å€‹å‰µä½œè€…: Doni Bobes
2025-04-06 19:33:06,836 - INFO - å®Œæˆçˆ¬å– Doni Bobes çš„å…§å®¹
2025-04-06 19:33:08,841 - INFO - æ­£åœ¨çˆ¬å–ç¬¬ 74/77 å€‹å‰µä½œè€…: Minecraft Streamer
2025-04-06 19:33:09,159 - INFO - å®Œæˆçˆ¬å– Minecraft Streamer çš„å…§å®¹
2025-04-06 19:33:11,164 - INFO - æ­£åœ¨çˆ¬å–ç¬¬ 75/77 å€‹å‰µä½œè€…: Top Minecraft Streamer Clips
2025-04-06 19:33:11,583 - INFO - å®Œæˆçˆ¬å– Top Minecraft Streamer Clips çš„å…§å®¹
2025-04-06 19:33:13,588 - INFO - æ­£åœ¨çˆ¬å–ç¬¬ 76/77 å€‹å‰µä½œè€…: Minecraft streamer
2025-04-06 19:33:13,899 - INFO - å®Œæˆçˆ¬å– Minecraft streamer çš„å…§å®¹
2025-04-06 19:33:15,901 - INFO - æ­£åœ¨çˆ¬å–ç¬¬ 77/77 å€‹å‰µä½œè€…: Minecraft DONO
2025-04-06 19:33:16,986 - INFO - å®Œæˆçˆ¬å– Minecraft DONO çš„å…§å®¹
2025-04-06 19:33:18,991 - INFO - çˆ¬èŸ²ç¨‹åºåŸ·è¡Œå®Œæˆï¼Œç¸½è€—æ™‚: 0:03:27.838359
2025-04-06 19:46:16,867 - INFO - é–‹å§‹åŸ·è¡Œçˆ¬èŸ²ç¨‹åº
2025-04-06 19:46:16,872 - INFO - è³‡æ–™åº«åˆå§‹åŒ–æˆåŠŸ
2025-04-06 19:46:16,873 - INFO - file_cache is only supported with oauth2client<4.0.0
2025-04-06 19:46:16,876 - INFO - é–‹å§‹æœå°‹é—œéµå­—: Minecraft creator
2025-04-06 19:46:16,876 - ERROR - æœå°‹é—œéµå­— Minecraft creator æ™‚ç™¼ç”ŸéŒ¯èª¤: YouTubeCrawler.search_creators() got an unexpected keyword argument 'keyword'
2025-04-06 19:46:16,876 - INFO - é–‹å§‹æœå°‹é—œéµå­—: Minecraft YouTuber
2025-04-06 19:46:16,876 - ERROR - æœå°‹é—œéµå­— Minecraft YouTuber æ™‚ç™¼ç”ŸéŒ¯èª¤: YouTubeCrawler.search_creators() got an unexpected keyword argument 'keyword'
2025-04-06 19:46:16,876 - INFO - é–‹å§‹æœå°‹é—œéµå­—: Minecraft content creator
2025-04-06 19:46:16,876 - ERROR - æœå°‹é—œéµå­— Minecraft content creator æ™‚ç™¼ç”ŸéŒ¯èª¤: YouTubeCrawler.search_creators() got an unexpected keyword argument 'keyword'
2025-04-06 19:46:16,877 - INFO - é–‹å§‹æœå°‹é—œéµå­—: Minecraft streamer
2025-04-06 19:46:16,877 - ERROR - æœå°‹é—œéµå­— Minecraft streamer æ™‚ç™¼ç”ŸéŒ¯èª¤: YouTubeCrawler.search_creators() got an unexpected keyword argument 'keyword'
2025-04-06 19:46:16,877 - WARNING - æ²’æœ‰æ‰¾åˆ°ä»»ä½•å‰µä½œè€…ï¼Œè·³éå…§å®¹çˆ¬å–å’Œé—œä¿‚åˆ†æ
2025-04-06 19:46:16,877 - INFO - çˆ¬èŸ²ç¨‹åºåŸ·è¡Œå®Œæˆï¼Œç¸½è€—æ™‚: 0:00:00.009181
2025-04-06 19:47:40,803 - INFO - é–‹å§‹åŸ·è¡Œçˆ¬èŸ²ç¨‹åº
2025-04-06 19:47:40,804 - INFO - è³‡æ–™åº«åˆå§‹åŒ–æˆåŠŸ
2025-04-06 19:47:40,805 - INFO - file_cache is only supported with oauth2client<4.0.0
2025-04-06 19:47:40,808 - INFO - file_cache is only supported with oauth2client<4.0.0
2025-04-06 19:47:40,811 - INFO - é–‹å§‹æœå°‹é—œéµå­—: Minecraft creator
2025-04-06 19:47:41,338 - INFO - æ‰¾åˆ° 6 å€‹å‰µä½œè€…
2025-04-06 19:47:41,360 - WARNING - ä¿å­˜å‰µä½œè€…å¤±æ•—: Master Creator Minecraft
2025-04-06 19:47:41,362 - WARNING - ä¿å­˜å‰µä½œè€…å¤±æ•—: minecraft film creator
2025-04-06 19:47:41,363 - WARNING - ä¿å­˜å‰µä½œè€…å¤±æ•—: [STARS]
2025-04-06 19:47:41,364 - WARNING - ä¿å­˜å‰µä½œè€…å¤±æ•—: Minecraft Home Creator
2025-04-06 19:47:41,365 - WARNING - ä¿å­˜å‰µä½œè€…å¤±æ•—: Creator of the Impossible in Minecraft 
2025-04-06 19:47:41,366 - WARNING - ä¿å­˜å‰µä½œè€…å¤±æ•—: LinkTijger
2025-04-06 19:47:42,371 - INFO - é–‹å§‹æœå°‹é—œéµå­—: Minecraft YouTuber
2025-04-06 19:47:42,813 - INFO - æ‰¾åˆ° 20 å€‹å‰µä½œè€…
2025-04-06 19:47:42,818 - WARNING - ä¿å­˜å‰µä½œè€…å¤±æ•—: Minecraft - Topic
2025-04-06 19:47:42,820 - WARNING - ä¿å­˜å‰µä½œè€…å¤±æ•—: Minecraft
2025-04-06 19:47:42,822 - WARNING - ä¿å­˜å‰µä½œè€…å¤±æ•—: Dream
2025-04-06 19:47:42,823 - WARNING - ä¿å­˜å‰µä½œè€…å¤±æ•—: Mikecrack
2025-04-06 19:47:42,824 - WARNING - ä¿å­˜å‰µä½œè€…å¤±æ•—: Technoblade
2025-04-06 19:47:42,825 - WARNING - ä¿å­˜å‰µä½œè€…å¤±æ•—: Grian
2025-04-06 19:47:42,826 - WARNING - ä¿å­˜å‰µä½œè€…å¤±æ•—: Kuya Tank - Minecraft
2025-04-06 19:47:42,827 - WARNING - ä¿å­˜å‰µä½œè€…å¤±æ•—: Myles
2025-04-06 19:47:42,828 - WARNING - ä¿å­˜å‰µä½œè€…å¤±æ•—: Target3DGaming
2025-04-06 19:47:42,830 - WARNING - ä¿å­˜å‰µä½œè€…å¤±æ•—: Minecraft Animation Indonesia
2025-04-06 19:47:42,831 - WARNING - ä¿å­˜å‰µä½œè€…å¤±æ•—: PopularMMOs
2025-04-06 19:47:42,832 - WARNING - ä¿å­˜å‰µä½œè€…å¤±æ•—: MC Naveed - Minecraft
2025-04-06 19:47:42,832 - WARNING - ä¿å­˜å‰µä½œè€…å¤±æ•—: LakiYT Minecraft
2025-04-06 19:47:42,833 - WARNING - ä¿å­˜å‰µä½œè€…å¤±æ•—: KIDING Minecraft
2025-04-06 19:47:42,834 - WARNING - ä¿å­˜å‰µä½œè€…å¤±æ•—: GPlay: Minecraft Jest Nasz!
2025-04-06 19:47:42,835 - WARNING - ä¿å­˜å‰µä½œè€…å¤±æ•—: Minecraft FNAF
2025-04-06 19:47:42,835 - WARNING - ä¿å­˜å‰µä½œè€…å¤±æ•—: ElestialHD
2025-04-06 19:47:42,836 - WARNING - ä¿å­˜å‰µä½œè€…å¤±æ•—: Little Lizard Adventures
2025-04-06 19:47:42,837 - WARNING - ä¿å­˜å‰µä½œè€…å¤±æ•—: Minecraft Royale
2025-04-06 19:47:42,838 - WARNING - ä¿å­˜å‰µä½œè€…å¤±æ•—: Mikey & JJ - Minecraft
2025-04-06 19:47:43,843 - INFO - é–‹å§‹æœå°‹é—œéµå­—: Minecraft content creator
2025-04-06 19:47:44,340 - INFO - æ‰¾åˆ° 20 å€‹å‰µä½œè€…
2025-04-06 19:47:44,342 - WARNING - ä¿å­˜å‰µä½œè€…å¤±æ•—: Minecraft Content Creators
2025-04-06 19:47:44,343 - WARNING - ä¿å­˜å‰µä½œè€…å¤±æ•—: Minecraft content creator
2025-04-06 19:47:44,343 - WARNING - ä¿å­˜å‰µä½œè€…å¤±æ•—: minecraft Content creator
2025-04-06 19:47:44,344 - WARNING - ä¿å­˜å‰µä½œè€…å¤±æ•—: doctor4t
2025-04-06 19:47:44,345 - WARNING - ä¿å­˜å‰µä½œè€…å¤±æ•—: MIscelaniouse Minecraft Content Creator
2025-04-06 19:47:44,346 - WARNING - ä¿å­˜å‰µä½œè€…å¤±æ•—: Minecraft bros
2025-04-06 19:47:44,347 - WARNING - ä¿å­˜å‰µä½œè€…å¤±æ•—: McCartneyStan
2025-04-06 19:47:44,348 - WARNING - ä¿å­˜å‰µä½œè€…å¤±æ•—: Slip
2025-04-06 19:47:44,348 - WARNING - ä¿å­˜å‰µä½œè€…å¤±æ•—: Aidn
2025-04-06 19:47:44,349 - WARNING - ä¿å­˜å‰µä½œè€…å¤±æ•—: Alwisusilo
2025-04-06 19:47:44,350 - WARNING - ä¿å­˜å‰µä½œè€…å¤±æ•—: Minecraft goat!
2025-04-06 19:47:44,350 - WARNING - ä¿å­˜å‰µä½œè€…å¤±æ•—: ChrisMC
2025-04-06 19:47:44,351 - WARNING - ä¿å­˜å‰µä½œè€…å¤±æ•—: KennyDev91
2025-04-06 19:47:44,352 - WARNING - ä¿å­˜å‰µä½œè€…å¤±æ•—: TEC Minecraft
2025-04-06 19:47:44,353 - WARNING - ä¿å­˜å‰µä½œè€…å¤±æ•—: thepicnik
2025-04-06 19:47:44,354 - WARNING - ä¿å­˜å‰µä½œè€…å¤±æ•—: MINECRAFT RK
2025-04-06 19:47:44,355 - WARNING - ä¿å­˜å‰µä½œè€…å¤±æ•—: CJL
2025-04-06 19:47:44,356 - WARNING - ä¿å­˜å‰µä½œè€…å¤±æ•—: Dukonred1
2025-04-06 19:47:44,357 - WARNING - ä¿å­˜å‰µä½œè€…å¤±æ•—: The Minecraft Interviews
2025-04-06 19:47:44,358 - WARNING - ä¿å­˜å‰µä½œè€…å¤±æ•—: Valatic
2025-04-06 19:47:45,363 - INFO - é–‹å§‹æœå°‹é—œéµå­—: Minecraft streamer
2025-04-06 19:47:45,737 - INFO - æ‰¾åˆ° 20 å€‹å‰µä½œè€…
2025-04-06 19:47:45,741 - WARNING - ä¿å­˜å‰µä½œè€…å¤±æ•—: Gamers React
2025-04-06 19:47:45,743 - WARNING - ä¿å­˜å‰µä½œè€…å¤±æ•—: Technoblade
2025-04-06 19:47:45,746 - WARNING - ä¿å­˜å‰µä½œè€…å¤±æ•—: Minecraft
2025-04-06 19:47:45,751 - WARNING - ä¿å­˜å‰µä½œè€…å¤±æ•—: Dream Team Streams
2025-04-06 19:47:45,755 - WARNING - ä¿å­˜å‰µä½œè€…å¤±æ•—: Dream
2025-04-06 19:47:45,757 - WARNING - ä¿å­˜å‰µä½œè€…å¤±æ•—: EYstreem
2025-04-06 19:47:45,758 - WARNING - ä¿å­˜å‰µä½œè€…å¤±æ•—: EdisonPts
2025-04-06 19:47:45,759 - WARNING - ä¿å­˜å‰µä½œè€…å¤±æ•—: Minecraft streamer
2025-04-06 19:47:45,760 - WARNING - ä¿å­˜å‰µä½œè€…å¤±æ•—: GeorgeNotFound Streams
2025-04-06 19:47:45,761 - WARNING - ä¿å­˜å‰µä½œè€…å¤±æ•—: Adults Only Minecraft
2025-04-06 19:47:45,762 - WARNING - ä¿å­˜å‰µä½œè€…å¤±æ•—: TommyInnit
2025-04-06 19:47:45,763 - WARNING - ä¿å­˜å‰µä½œè€…å¤±æ•—: TommyVODS
2025-04-06 19:47:45,764 - WARNING - ä¿å­˜å‰µä½œè€…å¤±æ•—: Etoiles
2025-04-06 19:47:45,765 - WARNING - ä¿å­˜å‰µä½œè€…å¤±æ•—: YOUNG MULTI LIVE
2025-04-06 19:47:45,765 - WARNING - ä¿å­˜å‰µä½œè€…å¤±æ•—: Doni Bobes
2025-04-06 19:47:45,766 - WARNING - ä¿å­˜å‰µä½œè€…å¤±æ•—: Minecraft Streamer
2025-04-06 19:47:45,767 - WARNING - ä¿å­˜å‰µä½œè€…å¤±æ•—: Top Minecraft Streamer Clips
2025-04-06 19:47:45,768 - WARNING - ä¿å­˜å‰µä½œè€…å¤±æ•—: Minecraft streamer
2025-04-06 19:47:45,769 - WARNING - ä¿å­˜å‰µä½œè€…å¤±æ•—: Minecraft DONO
2025-04-06 19:47:45,769 - WARNING - ä¿å­˜å‰µä½œè€…å¤±æ•—: TSMC - Minecraft
2025-04-06 19:47:46,774 - WARNING - æ²’æœ‰æ‰¾åˆ°ä»»ä½•å‰µä½œè€…ï¼Œè·³éå…§å®¹çˆ¬å–å’Œé—œä¿‚åˆ†æ
2025-04-06 19:47:46,775 - INFO - çˆ¬èŸ²ç¨‹åºåŸ·è¡Œå®Œæˆï¼Œç¸½è€—æ™‚: 0:00:05.971988
2025-04-06 19:49:30,389 - INFO - é–‹å§‹åŸ·è¡Œçˆ¬èŸ²ç¨‹åº
2025-04-06 19:49:30,390 - INFO - è³‡æ–™åº«åˆå§‹åŒ–æˆåŠŸ
2025-04-06 19:49:30,391 - INFO - file_cache is only supported with oauth2client<4.0.0
2025-04-06 19:49:30,395 - INFO - file_cache is only supported with oauth2client<4.0.0
2025-04-06 19:49:30,397 - INFO - é–‹å§‹æœå°‹é—œéµå­—: Minecraft creator
2025-04-06 19:49:31,030 - INFO - æ‰¾åˆ° 6 å€‹å‰µä½œè€…
2025-04-06 19:49:31,042 - ERROR - Error saving creator: 'created_at' is an invalid keyword argument for Person
2025-04-06 19:49:31,042 - WARNING - ä¿å­˜å‰µä½œè€…å¤±æ•—: Master Creator Minecraft
2025-04-06 19:49:31,043 - ERROR - Error saving creator: 'created_at' is an invalid keyword argument for Person
2025-04-06 19:49:31,043 - WARNING - ä¿å­˜å‰µä½œè€…å¤±æ•—: minecraft film creator
2025-04-06 19:49:31,043 - ERROR - Error saving creator: 'created_at' is an invalid keyword argument for Person
2025-04-06 19:49:31,043 - WARNING - ä¿å­˜å‰µä½œè€…å¤±æ•—: [STARS]
2025-04-06 19:49:31,043 - ERROR - Error saving creator: 'created_at' is an invalid keyword argument for Person
2025-04-06 19:49:31,043 - WARNING - ä¿å­˜å‰µä½œè€…å¤±æ•—: Minecraft Home Creator
2025-04-06 19:49:31,044 - ERROR - Error saving creator: 'created_at' is an invalid keyword argument for Person
2025-04-06 19:49:31,044 - WARNING - ä¿å­˜å‰µä½œè€…å¤±æ•—: Creator of the Impossible in Minecraft 
2025-04-06 19:49:31,045 - ERROR - Error saving creator: 'created_at' is an invalid keyword argument for Person
2025-04-06 19:49:31,045 - WARNING - ä¿å­˜å‰µä½œè€…å¤±æ•—: LinkTijger
2025-04-06 19:49:32,050 - INFO - é–‹å§‹æœå°‹é—œéµå­—: Minecraft YouTuber
2025-04-06 19:49:32,482 - INFO - æ‰¾åˆ° 20 å€‹å‰µä½œè€…
2025-04-06 19:49:32,484 - ERROR - Error saving creator: 'created_at' is an invalid keyword argument for Person
2025-04-06 19:49:32,485 - WARNING - ä¿å­˜å‰µä½œè€…å¤±æ•—: Minecraft - Topic
2025-04-06 19:49:32,486 - ERROR - Error saving creator: 'created_at' is an invalid keyword argument for Person
2025-04-06 19:49:32,486 - WARNING - ä¿å­˜å‰µä½œè€…å¤±æ•—: Mikecrack
2025-04-06 19:49:32,487 - ERROR - Error saving creator: 'created_at' is an invalid keyword argument for Person
2025-04-06 19:49:32,487 - WARNING - ä¿å­˜å‰µä½œè€…å¤±æ•—: Technoblade
2025-04-06 19:49:32,487 - ERROR - Error saving creator: 'created_at' is an invalid keyword argument for Person
2025-04-06 19:49:32,488 - WARNING - ä¿å­˜å‰µä½œè€…å¤±æ•—: Dream
2025-04-06 19:49:32,488 - ERROR - Error saving creator: 'created_at' is an invalid keyword argument for Person
2025-04-06 19:49:32,488 - WARNING - ä¿å­˜å‰µä½œè€…å¤±æ•—: Grian
2025-04-06 19:49:32,489 - ERROR - Error saving creator: 'created_at' is an invalid keyword argument for Person
2025-04-06 19:49:32,489 - WARNING - ä¿å­˜å‰µä½œè€…å¤±æ•—: Myles
2025-04-06 19:49:32,490 - ERROR - Error saving creator: 'created_at' is an invalid keyword argument for Person
2025-04-06 19:49:32,491 - WARNING - ä¿å­˜å‰µä½œè€…å¤±æ•—: Kuya Tank - Minecraft
2025-04-06 19:49:32,491 - ERROR - Error saving creator: 'created_at' is an invalid keyword argument for Person
2025-04-06 19:49:32,491 - WARNING - ä¿å­˜å‰µä½œè€…å¤±æ•—: Target3DGaming
2025-04-06 19:49:32,492 - ERROR - Error saving creator: 'created_at' is an invalid keyword argument for Person
2025-04-06 19:49:32,492 - WARNING - ä¿å­˜å‰µä½œè€…å¤±æ•—: Minecraft
2025-04-06 19:49:32,493 - ERROR - Error saving creator: 'created_at' is an invalid keyword argument for Person
2025-04-06 19:49:32,493 - WARNING - ä¿å­˜å‰µä½œè€…å¤±æ•—: MC Naveed - Minecraft
2025-04-06 19:49:32,494 - ERROR - Error saving creator: 'created_at' is an invalid keyword argument for Person
2025-04-06 19:49:32,494 - WARNING - ä¿å­˜å‰µä½œè€…å¤±æ•—: LakiYT Minecraft
2025-04-06 19:49:32,495 - ERROR - Error saving creator: 'created_at' is an invalid keyword argument for Person
2025-04-06 19:49:32,495 - WARNING - ä¿å­˜å‰µä½œè€…å¤±æ•—: PopularMMOs
2025-04-06 19:49:32,496 - ERROR - Error saving creator: 'created_at' is an invalid keyword argument for Person
2025-04-06 19:49:32,496 - WARNING - ä¿å­˜å‰µä½œè€…å¤±æ•—: Minecraft Animation Indonesia
2025-04-06 19:49:32,497 - ERROR - Error saving creator: 'created_at' is an invalid keyword argument for Person
2025-04-06 19:49:32,497 - WARNING - ä¿å­˜å‰µä½œè€…å¤±æ•—: KIDING Minecraft
2025-04-06 19:49:32,497 - ERROR - Error saving creator: 'created_at' is an invalid keyword argument for Person
2025-04-06 19:49:32,497 - WARNING - ä¿å­˜å‰µä½œè€…å¤±æ•—: GPlay: Minecraft Jest Nasz!
2025-04-06 19:49:32,498 - ERROR - Error saving creator: 'created_at' is an invalid keyword argument for Person
2025-04-06 19:49:32,498 - WARNING - ä¿å­˜å‰µä½œè€…å¤±æ•—: Minecraft FNAF
2025-04-06 19:49:32,498 - ERROR - Error saving creator: 'created_at' is an invalid keyword argument for Person
2025-04-06 19:49:32,498 - WARNING - ä¿å­˜å‰µä½œè€…å¤±æ•—: ElestialHD
2025-04-06 19:49:32,499 - ERROR - Error saving creator: 'created_at' is an invalid keyword argument for Person
2025-04-06 19:49:32,500 - WARNING - ä¿å­˜å‰µä½œè€…å¤±æ•—: Little Lizard Adventures
2025-04-06 19:49:32,500 - ERROR - Error saving creator: 'created_at' is an invalid keyword argument for Person
2025-04-06 19:49:32,500 - WARNING - ä¿å­˜å‰µä½œè€…å¤±æ•—: Minecraft Royale
2025-04-06 19:49:32,501 - ERROR - Error saving creator: 'created_at' is an invalid keyword argument for Person
2025-04-06 19:49:32,501 - WARNING - ä¿å­˜å‰µä½œè€…å¤±æ•—: Mikey & JJ - Minecraft
2025-04-06 19:49:33,506 - INFO - é–‹å§‹æœå°‹é—œéµå­—: Minecraft content creator
2025-04-06 19:49:33,902 - INFO - æ‰¾åˆ° 20 å€‹å‰µä½œè€…
2025-04-06 19:49:33,904 - ERROR - Error saving creator: 'created_at' is an invalid keyword argument for Person
2025-04-06 19:49:33,904 - WARNING - ä¿å­˜å‰µä½œè€…å¤±æ•—: Minecraft content creator
2025-04-06 19:49:33,905 - ERROR - Error saving creator: 'created_at' is an invalid keyword argument for Person
2025-04-06 19:49:33,905 - WARNING - ä¿å­˜å‰µä½œè€…å¤±æ•—: minecraft Content creator
2025-04-06 19:49:33,906 - ERROR - Error saving creator: 'created_at' is an invalid keyword argument for Person
2025-04-06 19:49:33,906 - WARNING - ä¿å­˜å‰µä½œè€…å¤±æ•—: MIscelaniouse Minecraft Content Creator
2025-04-06 19:49:33,907 - ERROR - Error saving creator: 'created_at' is an invalid keyword argument for Person
2025-04-06 19:49:33,907 - WARNING - ä¿å­˜å‰µä½œè€…å¤±æ•—: Minecraft Content Creators
2025-04-06 19:49:33,908 - ERROR - Error saving creator: 'created_at' is an invalid keyword argument for Person
2025-04-06 19:49:33,908 - WARNING - ä¿å­˜å‰µä½œè€…å¤±æ•—: Minecraft bros
2025-04-06 19:49:33,909 - ERROR - Error saving creator: 'created_at' is an invalid keyword argument for Person
2025-04-06 19:49:33,909 - WARNING - ä¿å­˜å‰µä½œè€…å¤±æ•—: McCartneyStan
2025-04-06 19:49:33,910 - ERROR - Error saving creator: 'created_at' is an invalid keyword argument for Person
2025-04-06 19:49:33,910 - WARNING - ä¿å­˜å‰µä½œè€…å¤±æ•—: Slip
2025-04-06 19:49:33,910 - ERROR - Error saving creator: 'created_at' is an invalid keyword argument for Person
2025-04-06 19:49:33,910 - WARNING - ä¿å­˜å‰µä½œè€…å¤±æ•—: Alwisusilo
2025-04-06 19:49:33,911 - ERROR - Error saving creator: 'created_at' is an invalid keyword argument for Person
2025-04-06 19:49:33,911 - WARNING - ä¿å­˜å‰µä½œè€…å¤±æ•—: Minecraft goat!
2025-04-06 19:49:33,912 - ERROR - Error saving creator: 'created_at' is an invalid keyword argument for Person
2025-04-06 19:49:33,913 - WARNING - ä¿å­˜å‰µä½œè€…å¤±æ•—: Thrillhouse2.0
2025-04-06 19:49:33,915 - ERROR - Error saving creator: 'created_at' is an invalid keyword argument for Person
2025-04-06 19:49:33,915 - WARNING - ä¿å­˜å‰µä½œè€…å¤±æ•—: RyndelCool
2025-04-06 19:49:33,916 - ERROR - Error saving creator: 'created_at' is an invalid keyword argument for Person
2025-04-06 19:49:33,916 - WARNING - ä¿å­˜å‰µä½œè€…å¤±æ•—: Valatic
2025-04-06 19:49:33,918 - ERROR - Error saving creator: 'created_at' is an invalid keyword argument for Person
2025-04-06 19:49:33,918 - WARNING - ä¿å­˜å‰µä½œè€…å¤±æ•—: Dr. Minecraft
2025-04-06 19:49:33,918 - ERROR - Error saving creator: 'created_at' is an invalid keyword argument for Person
2025-04-06 19:49:33,918 - WARNING - ä¿å­˜å‰µä½œè€…å¤±æ•—: ğŠğˆğğ†ğ…ğ‹ğ€ğ˜ğ™
2025-04-06 19:49:33,919 - ERROR - Error saving creator: 'created_at' is an invalid keyword argument for Person
2025-04-06 19:49:33,919 - WARNING - ä¿å­˜å‰µä½œè€…å¤±æ•—: Blitzheart
2025-04-06 19:49:33,920 - ERROR - Error saving creator: 'created_at' is an invalid keyword argument for Person
2025-04-06 19:49:33,920 - WARNING - ä¿å­˜å‰µä½œè€…å¤±æ•—: ChosenArchitect
2025-04-06 19:49:33,921 - ERROR - Error saving creator: 'created_at' is an invalid keyword argument for Person
2025-04-06 19:49:33,921 - WARNING - ä¿å­˜å‰µä½œè€…å¤±æ•—: pan de coco
2025-04-06 19:49:33,921 - ERROR - Error saving creator: 'created_at' is an invalid keyword argument for Person
2025-04-06 19:49:33,921 - WARNING - ä¿å­˜å‰µä½œè€…å¤±æ•—: The Lab - A Minecraft Podcast
2025-04-06 19:49:33,922 - ERROR - Error saving creator: 'created_at' is an invalid keyword argument for Person
2025-04-06 19:49:33,922 - WARNING - ä¿å­˜å‰µä½œè€…å¤±æ•—: Minecraft Secrets
2025-04-06 19:49:33,922 - ERROR - Error saving creator: 'created_at' is an invalid keyword argument for Person
2025-04-06 19:49:33,922 - WARNING - ä¿å­˜å‰µä½œè€…å¤±æ•—: Immense Minecraft
2025-04-06 19:49:34,926 - INFO - é–‹å§‹æœå°‹é—œéµå­—: Minecraft streamer
2025-04-06 19:49:35,637 - INFO - æ‰¾åˆ° 20 å€‹å‰µä½œè€…
2025-04-06 19:49:35,638 - ERROR - Error saving creator: 'created_at' is an invalid keyword argument for Person
2025-04-06 19:49:35,638 - WARNING - ä¿å­˜å‰µä½œè€…å¤±æ•—: Gamers React
2025-04-06 19:49:35,638 - ERROR - Error saving creator: 'created_at' is an invalid keyword argument for Person
2025-04-06 19:49:35,638 - WARNING - ä¿å­˜å‰µä½œè€…å¤±æ•—: Technoblade
2025-04-06 19:49:35,638 - ERROR - Error saving creator: 'created_at' is an invalid keyword argument for Person
2025-04-06 19:49:35,639 - WARNING - ä¿å­˜å‰µä½œè€…å¤±æ•—: Minecraft
2025-04-06 19:49:35,639 - ERROR - Error saving creator: 'created_at' is an invalid keyword argument for Person
2025-04-06 19:49:35,639 - WARNING - ä¿å­˜å‰µä½œè€…å¤±æ•—: Dream
2025-04-06 19:49:35,639 - ERROR - Error saving creator: 'created_at' is an invalid keyword argument for Person
2025-04-06 19:49:35,639 - WARNING - ä¿å­˜å‰µä½œè€…å¤±æ•—: Dream Team Streams
2025-04-06 19:49:35,639 - ERROR - Error saving creator: 'created_at' is an invalid keyword argument for Person
2025-04-06 19:49:35,639 - WARNING - ä¿å­˜å‰µä½œè€…å¤±æ•—: EYstreem
2025-04-06 19:49:35,640 - ERROR - Error saving creator: 'created_at' is an invalid keyword argument for Person
2025-04-06 19:49:35,640 - WARNING - ä¿å­˜å‰µä½œè€…å¤±æ•—: EdisonPts
2025-04-06 19:49:35,640 - ERROR - Error saving creator: 'created_at' is an invalid keyword argument for Person
2025-04-06 19:49:35,640 - WARNING - ä¿å­˜å‰µä½œè€…å¤±æ•—: Minecraft streamer
2025-04-06 19:49:35,640 - ERROR - Error saving creator: 'created_at' is an invalid keyword argument for Person
2025-04-06 19:49:35,640 - WARNING - ä¿å­˜å‰µä½œè€…å¤±æ•—: GeorgeNotFound Streams
2025-04-06 19:49:35,641 - ERROR - Error saving creator: 'created_at' is an invalid keyword argument for Person
2025-04-06 19:49:35,641 - WARNING - ä¿å­˜å‰µä½œè€…å¤±æ•—: Adults Only Minecraft
2025-04-06 19:49:35,641 - ERROR - Error saving creator: 'created_at' is an invalid keyword argument for Person
2025-04-06 19:49:35,641 - WARNING - ä¿å­˜å‰µä½œè€…å¤±æ•—: McCitron
2025-04-06 19:49:35,641 - ERROR - Error saving creator: 'created_at' is an invalid keyword argument for Person
2025-04-06 19:49:35,641 - WARNING - ä¿å­˜å‰µä½œè€…å¤±æ•—: TommyVODS
2025-04-06 19:49:35,642 - ERROR - Error saving creator: 'created_at' is an invalid keyword argument for Person
2025-04-06 19:49:35,642 - WARNING - ä¿å­˜å‰µä½œè€…å¤±æ•—: TommyInnit
2025-04-06 19:49:35,642 - ERROR - Error saving creator: 'created_at' is an invalid keyword argument for Person
2025-04-06 19:49:35,642 - WARNING - ä¿å­˜å‰µä½œè€…å¤±æ•—: YOUNG MULTI LIVE
2025-04-06 19:49:35,642 - ERROR - Error saving creator: 'created_at' is an invalid keyword argument for Person
2025-04-06 19:49:35,642 - WARNING - ä¿å­˜å‰µä½œè€…å¤±æ•—: Etoiles
2025-04-06 19:49:35,643 - ERROR - Error saving creator: 'created_at' is an invalid keyword argument for Person
2025-04-06 19:49:35,643 - WARNING - ä¿å­˜å‰µä½œè€…å¤±æ•—: Doni Bobes
2025-04-06 19:49:35,643 - ERROR - Error saving creator: 'created_at' is an invalid keyword argument for Person
2025-04-06 19:49:35,643 - WARNING - ä¿å­˜å‰µä½œè€…å¤±æ•—: Minecraft Streamer
2025-04-06 19:49:35,644 - ERROR - Error saving creator: 'created_at' is an invalid keyword argument for Person
2025-04-06 19:49:35,644 - WARNING - ä¿å­˜å‰µä½œè€…å¤±æ•—: Top Minecraft Streamer Clips
2025-04-06 19:49:35,644 - ERROR - Error saving creator: 'created_at' is an invalid keyword argument for Person
2025-04-06 19:49:35,644 - WARNING - ä¿å­˜å‰µä½œè€…å¤±æ•—: Minecraft streamer
2025-04-06 19:49:35,644 - ERROR - Error saving creator: 'created_at' is an invalid keyword argument for Person
2025-04-06 19:49:35,644 - WARNING - ä¿å­˜å‰µä½œè€…å¤±æ•—: Minecraft DONO
2025-04-06 19:49:36,650 - WARNING - æ²’æœ‰æ‰¾åˆ°ä»»ä½•å‰µä½œè€…ï¼Œè·³éå…§å®¹çˆ¬å–å’Œé—œä¿‚åˆ†æ
2025-04-06 19:49:36,650 - INFO - çˆ¬èŸ²ç¨‹åºåŸ·è¡Œå®Œæˆï¼Œç¸½è€—æ™‚: 0:00:06.261139
2025-04-06 19:50:13,511 - INFO - é–‹å§‹åŸ·è¡Œçˆ¬èŸ²ç¨‹åº
2025-04-06 19:50:13,513 - INFO - è³‡æ–™åº«åˆå§‹åŒ–æˆåŠŸ
2025-04-06 19:50:13,514 - INFO - file_cache is only supported with oauth2client<4.0.0
2025-04-06 19:50:13,517 - INFO - file_cache is only supported with oauth2client<4.0.0
2025-04-06 19:50:13,520 - INFO - é–‹å§‹æœå°‹é—œéµå­—: Minecraft creator
2025-04-06 19:50:13,983 - INFO - æ‰¾åˆ° 6 å€‹å‰µä½œè€…
2025-04-06 19:50:14,012 - INFO - å·²ä¿å­˜å‰µä½œè€…: LinkTijger
2025-04-06 19:50:14,014 - INFO - å·²ä¿å­˜å‰µä½œè€…: Master Creator Minecraft
2025-04-06 19:50:14,016 - INFO - å·²ä¿å­˜å‰µä½œè€…: minecraft film creator
2025-04-06 19:50:14,018 - INFO - å·²ä¿å­˜å‰µä½œè€…: [STARS]
2025-04-06 19:50:14,020 - INFO - å·²ä¿å­˜å‰µä½œè€…: Minecraft Home Creator
2025-04-06 19:50:14,021 - INFO - å·²ä¿å­˜å‰µä½œè€…: Creator of the Impossible in Minecraft 
2025-04-06 19:50:15,026 - INFO - é–‹å§‹æœå°‹é—œéµå­—: Minecraft YouTuber
2025-04-06 19:50:15,372 - INFO - æ‰¾åˆ° 20 å€‹å‰µä½œè€…
2025-04-06 19:50:15,380 - INFO - å·²ä¿å­˜å‰µä½œè€…: Minecraft - Topic
2025-04-06 19:50:15,385 - INFO - å·²ä¿å­˜å‰µä½œè€…: Dream
2025-04-06 19:50:15,390 - INFO - å·²ä¿å­˜å‰µä½œè€…: Mikecrack
2025-04-06 19:50:15,395 - INFO - å·²ä¿å­˜å‰µä½œè€…: Technoblade
2025-04-06 19:50:15,398 - INFO - å·²ä¿å­˜å‰µä½œè€…: Grian
2025-04-06 19:50:15,402 - INFO - å·²ä¿å­˜å‰µä½œè€…: Myles
2025-04-06 19:50:15,405 - INFO - å·²ä¿å­˜å‰µä½œè€…: Target3DGaming
2025-04-06 19:50:15,406 - INFO - å·²ä¿å­˜å‰µä½œè€…: Minecraft
2025-04-06 19:50:15,408 - INFO - å·²ä¿å­˜å‰µä½œè€…: Kuya Tank - Minecraft
2025-04-06 19:50:15,410 - INFO - å·²ä¿å­˜å‰µä½œè€…: PopularMMOs
2025-04-06 19:50:15,411 - INFO - å·²ä¿å­˜å‰µä½œè€…: LakiYT Minecraft
2025-04-06 19:50:15,412 - INFO - å·²ä¿å­˜å‰µä½œè€…: Minecraft Animation Indonesia
2025-04-06 19:50:15,414 - INFO - å·²ä¿å­˜å‰µä½œè€…: KIDING Minecraft
2025-04-06 19:50:15,415 - INFO - å·²ä¿å­˜å‰µä½œè€…: GPlay: Minecraft Jest Nasz!
2025-04-06 19:50:15,417 - INFO - å·²ä¿å­˜å‰µä½œè€…: Minecraft FNAF
2025-04-06 19:50:15,419 - INFO - å·²ä¿å­˜å‰µä½œè€…: Little Lizard Adventures
2025-04-06 19:50:15,420 - INFO - å·²ä¿å­˜å‰µä½œè€…: ElestialHD
2025-04-06 19:50:15,422 - INFO - å·²ä¿å­˜å‰µä½œè€…: Minecraft Royale
2025-04-06 19:50:15,423 - INFO - å·²ä¿å­˜å‰µä½œè€…: Mikey & JJ - Minecraft
2025-04-06 19:50:15,425 - INFO - å·²ä¿å­˜å‰µä½œè€…: ãƒã‚¤ãƒ³ã‚¯ãƒ©ãƒ•ãƒˆ æ—¥æœ¬å…¬å¼ / Minecraft Japan
2025-04-06 19:50:16,430 - INFO - é–‹å§‹æœå°‹é—œéµå­—: Minecraft content creator
2025-04-06 19:50:16,789 - INFO - æ‰¾åˆ° 20 å€‹å‰µä½œè€…
2025-04-06 19:50:16,796 - INFO - å·²ä¿å­˜å‰µä½œè€…: Minecraft content creator
2025-04-06 19:50:16,799 - INFO - å·²ä¿å­˜å‰µä½œè€…: minecraft Content creator
2025-04-06 19:50:16,801 - INFO - å·²ä¿å­˜å‰µä½œè€…: doctor4t
2025-04-06 19:50:16,803 - INFO - å·²ä¿å­˜å‰µä½œè€…: MIscelaniouse Minecraft Content Creator
2025-04-06 19:50:16,806 - INFO - å·²ä¿å­˜å‰µä½œè€…: Minecraft Content Creators
2025-04-06 19:50:16,808 - INFO - å·²ä¿å­˜å‰µä½œè€…: Minecraft bros
2025-04-06 19:50:16,809 - INFO - å·²ä¿å­˜å‰µä½œè€…: Slip
2025-04-06 19:50:16,811 - INFO - å·²ä¿å­˜å‰µä½œè€…: McCartneyStan
2025-04-06 19:50:16,813 - INFO - å·²ä¿å­˜å‰µä½œè€…: Alwisusilo
2025-04-06 19:50:16,816 - INFO - å·²ä¿å­˜å‰µä½œè€…: Minecraft goat!
2025-04-06 19:50:16,818 - INFO - å·²ä¿å­˜å‰µä½œè€…: ChrisMC
2025-04-06 19:50:16,819 - INFO - å·²ä¿å­˜å‰µä½œè€…: MINECRAFT RK
2025-04-06 19:50:16,821 - INFO - å·²ä¿å­˜å‰µä½œè€…: CJL
2025-04-06 19:50:16,822 - INFO - å·²ä¿å­˜å‰µä½œè€…: The Minecraft Interviews
2025-04-06 19:50:16,824 - INFO - å·²ä¿å­˜å‰µä½œè€…: Valatic
2025-04-06 19:50:16,825 - INFO - å·²ä¿å­˜å‰µä½œè€…: Dukonred1
2025-04-06 19:50:16,827 - INFO - å·²ä¿å­˜å‰µä½œè€…: JujuStyle7
2025-04-06 19:50:16,828 - INFO - å·²ä¿å­˜å‰µä½œè€…: Dr. Minecraft
2025-04-06 19:50:16,830 - INFO - å·²ä¿å­˜å‰µä½œè€…: ğŠğˆğğ†ğ…ğ‹ğ€ğ˜ğ™
2025-04-06 19:50:16,831 - INFO - å·²ä¿å­˜å‰µä½œè€…: ChosenArchitect
2025-04-06 19:50:17,835 - INFO - é–‹å§‹æœå°‹é—œéµå­—: Minecraft streamer
2025-04-06 19:50:18,335 - INFO - æ‰¾åˆ° 20 å€‹å‰µä½œè€…
2025-04-06 19:50:18,338 - INFO - å·²ä¿å­˜å‰µä½œè€…: Gamers React
2025-04-06 19:50:18,338 - INFO - å·²ä¿å­˜å‰µä½œè€…: Technoblade
2025-04-06 19:50:18,338 - INFO - å·²ä¿å­˜å‰µä½œè€…: Minecraft
2025-04-06 19:50:18,340 - INFO - å·²ä¿å­˜å‰µä½œè€…: Dream Team Streams
2025-04-06 19:50:18,340 - INFO - å·²ä¿å­˜å‰µä½œè€…: Dream
2025-04-06 19:50:18,342 - INFO - å·²ä¿å­˜å‰µä½œè€…: EdisonPts
2025-04-06 19:50:18,344 - INFO - å·²ä¿å­˜å‰µä½œè€…: Minecraft streamer
2025-04-06 19:50:18,345 - INFO - å·²ä¿å­˜å‰µä½œè€…: GeorgeNotFound Streams
2025-04-06 19:50:18,347 - INFO - å·²ä¿å­˜å‰µä½œè€…: TommyInnit
2025-04-06 19:50:18,349 - INFO - å·²ä¿å­˜å‰µä½œè€…: Etoiles
2025-04-06 19:50:18,350 - INFO - å·²ä¿å­˜å‰µä½œè€…: YOUNG MULTI LIVE
2025-04-06 19:50:18,353 - INFO - å·²ä¿å­˜å‰µä½œè€…: Minecraft Streamer
2025-04-06 19:50:18,355 - INFO - å·²ä¿å­˜å‰µä½œè€…: Top Minecraft Streamer Clips
2025-04-06 19:50:18,357 - INFO - å·²ä¿å­˜å‰µä½œè€…: Minecraft streamer
2025-04-06 19:50:18,359 - INFO - å·²ä¿å­˜å‰µä½œè€…: TSMC - Minecraft
2025-04-06 19:50:18,361 - INFO - å·²ä¿å­˜å‰µä½œè€…: A Minecraft Movie -FULL STREAM-
2025-04-06 19:50:18,362 - INFO - å·²ä¿å­˜å‰µä½œè€…: Minecraft Streamer
2025-04-06 19:50:18,363 - INFO - å·²ä¿å­˜å‰µä½œè€…: looking for a good minecraft streamer
2025-04-06 19:50:18,365 - INFO - å·²ä¿å­˜å‰µä½œè€…: le streamer Minecraft
2025-04-06 19:50:18,367 - INFO - å·²ä¿å­˜å‰µä½œè€…: MUFTI - Minecraft streamer
2025-04-06 19:50:19,372 - INFO - æ­£åœ¨çˆ¬å–ç¬¬ 1/66 å€‹å‰µä½œè€…: LinkTijger
2025-04-06 19:50:20,459 - INFO - å®Œæˆçˆ¬å– LinkTijger çš„å…§å®¹
2025-04-06 19:50:22,465 - INFO - æ­£åœ¨çˆ¬å–ç¬¬ 2/66 å€‹å‰µä½œè€…: Master Creator Minecraft
2025-04-06 19:50:22,921 - INFO - å®Œæˆçˆ¬å– Master Creator Minecraft çš„å…§å®¹
2025-04-06 19:50:24,926 - INFO - æ­£åœ¨çˆ¬å–ç¬¬ 3/66 å€‹å‰µä½œè€…: minecraft film creator
2025-04-06 19:50:25,306 - INFO - å®Œæˆçˆ¬å– minecraft film creator çš„å…§å®¹
2025-04-06 19:50:27,309 - INFO - æ­£åœ¨çˆ¬å–ç¬¬ 4/66 å€‹å‰µä½œè€…: [STARS]
2025-04-06 19:50:27,878 - INFO - å®Œæˆçˆ¬å– [STARS] çš„å…§å®¹
2025-04-06 19:50:29,883 - INFO - æ­£åœ¨çˆ¬å–ç¬¬ 5/66 å€‹å‰µä½œè€…: Minecraft Home Creator
2025-04-06 19:50:32,126 - INFO - å®Œæˆçˆ¬å– Minecraft Home Creator çš„å…§å®¹
2025-04-06 19:50:34,132 - INFO - æ­£åœ¨çˆ¬å–ç¬¬ 6/66 å€‹å‰µä½œè€…: Creator of the Impossible in Minecraft 
2025-04-06 19:50:34,481 - INFO - å®Œæˆçˆ¬å– Creator of the Impossible in Minecraft  çš„å…§å®¹
2025-04-06 19:50:36,486 - INFO - æ­£åœ¨çˆ¬å–ç¬¬ 7/66 å€‹å‰µä½œè€…: Minecraft - Topic
2025-04-06 19:50:36,760 - INFO - å®Œæˆçˆ¬å– Minecraft - Topic çš„å…§å®¹
2025-04-06 19:50:38,765 - INFO - æ­£åœ¨çˆ¬å–ç¬¬ 8/66 å€‹å‰µä½œè€…: Dream
2025-04-06 19:50:39,323 - INFO - å®Œæˆçˆ¬å– Dream çš„å…§å®¹
2025-04-06 19:50:41,328 - INFO - æ­£åœ¨çˆ¬å–ç¬¬ 9/66 å€‹å‰µä½œè€…: Mikecrack
2025-04-06 19:50:42,057 - INFO - å®Œæˆçˆ¬å– Mikecrack çš„å…§å®¹
2025-04-06 19:50:44,062 - INFO - æ­£åœ¨çˆ¬å–ç¬¬ 10/66 å€‹å‰µä½œè€…: Technoblade
2025-04-06 19:50:44,693 - INFO - å®Œæˆçˆ¬å– Technoblade çš„å…§å®¹
2025-04-06 19:50:46,698 - INFO - æ­£åœ¨çˆ¬å–ç¬¬ 11/66 å€‹å‰µä½œè€…: Grian
2025-04-06 19:50:47,419 - INFO - å®Œæˆçˆ¬å– Grian çš„å…§å®¹
2025-04-06 19:50:49,424 - INFO - æ­£åœ¨çˆ¬å–ç¬¬ 12/66 å€‹å‰µä½œè€…: Myles
2025-04-06 19:50:49,907 - INFO - å®Œæˆçˆ¬å– Myles çš„å…§å®¹
2025-04-06 19:50:51,912 - INFO - æ­£åœ¨çˆ¬å–ç¬¬ 13/66 å€‹å‰µä½œè€…: Target3DGaming
2025-04-06 19:50:52,800 - INFO - å®Œæˆçˆ¬å– Target3DGaming çš„å…§å®¹
2025-04-06 19:50:54,805 - INFO - æ­£åœ¨çˆ¬å–ç¬¬ 14/66 å€‹å‰µä½œè€…: Minecraft
2025-04-06 19:50:55,445 - INFO - å®Œæˆçˆ¬å– Minecraft çš„å…§å®¹
2025-04-06 19:50:57,450 - INFO - æ­£åœ¨çˆ¬å–ç¬¬ 15/66 å€‹å‰µä½œè€…: Kuya Tank - Minecraft
2025-04-06 19:50:58,004 - INFO - å®Œæˆçˆ¬å– Kuya Tank - Minecraft çš„å…§å®¹
2025-04-06 19:51:00,009 - INFO - æ­£åœ¨çˆ¬å–ç¬¬ 16/66 å€‹å‰µä½œè€…: PopularMMOs
2025-04-06 19:51:01,399 - INFO - å®Œæˆçˆ¬å– PopularMMOs çš„å…§å®¹
2025-04-06 19:51:03,405 - INFO - æ­£åœ¨çˆ¬å–ç¬¬ 17/66 å€‹å‰µä½œè€…: LakiYT Minecraft
2025-04-06 19:51:04,095 - INFO - å®Œæˆçˆ¬å– LakiYT Minecraft çš„å…§å®¹
2025-04-06 19:51:06,101 - INFO - æ­£åœ¨çˆ¬å–ç¬¬ 18/66 å€‹å‰µä½œè€…: Minecraft Animation Indonesia
2025-04-06 19:51:06,687 - INFO - å®Œæˆçˆ¬å– Minecraft Animation Indonesia çš„å…§å®¹
2025-04-06 19:51:08,692 - INFO - æ­£åœ¨çˆ¬å–ç¬¬ 19/66 å€‹å‰µä½œè€…: KIDING Minecraft
2025-04-06 19:51:09,386 - INFO - å®Œæˆçˆ¬å– KIDING Minecraft çš„å…§å®¹
2025-04-06 19:51:11,391 - INFO - æ­£åœ¨çˆ¬å–ç¬¬ 20/66 å€‹å‰µä½œè€…: GPlay: Minecraft Jest Nasz!
2025-04-06 19:51:12,104 - INFO - å®Œæˆçˆ¬å– GPlay: Minecraft Jest Nasz! çš„å…§å®¹
2025-04-06 19:51:14,109 - INFO - æ­£åœ¨çˆ¬å–ç¬¬ 21/66 å€‹å‰µä½œè€…: Minecraft FNAF
2025-04-06 19:51:14,794 - INFO - å®Œæˆçˆ¬å– Minecraft FNAF çš„å…§å®¹
2025-04-06 19:51:16,799 - INFO - æ­£åœ¨çˆ¬å–ç¬¬ 22/66 å€‹å‰µä½œè€…: Little Lizard Adventures
2025-04-06 19:51:17,735 - INFO - å®Œæˆçˆ¬å– Little Lizard Adventures çš„å…§å®¹
2025-04-06 19:51:19,740 - INFO - æ­£åœ¨çˆ¬å–ç¬¬ 23/66 å€‹å‰µä½œè€…: ElestialHD
2025-04-06 19:51:20,417 - INFO - å®Œæˆçˆ¬å– ElestialHD çš„å…§å®¹
2025-04-06 19:51:22,418 - INFO - æ­£åœ¨çˆ¬å–ç¬¬ 24/66 å€‹å‰µä½œè€…: Minecraft Royale
2025-04-06 19:51:23,066 - INFO - å®Œæˆçˆ¬å– Minecraft Royale çš„å…§å®¹
2025-04-06 19:51:25,072 - INFO - æ­£åœ¨çˆ¬å–ç¬¬ 25/66 å€‹å‰µä½œè€…: Mikey & JJ - Minecraft
2025-04-06 19:51:25,984 - INFO - å®Œæˆçˆ¬å– Mikey & JJ - Minecraft çš„å…§å®¹
2025-04-06 19:51:27,989 - INFO - æ­£åœ¨çˆ¬å–ç¬¬ 26/66 å€‹å‰µä½œè€…: ãƒã‚¤ãƒ³ã‚¯ãƒ©ãƒ•ãƒˆ æ—¥æœ¬å…¬å¼ / Minecraft Japan
2025-04-06 19:51:28,740 - INFO - å®Œæˆçˆ¬å– ãƒã‚¤ãƒ³ã‚¯ãƒ©ãƒ•ãƒˆ æ—¥æœ¬å…¬å¼ / Minecraft Japan çš„å…§å®¹
2025-04-06 19:51:30,745 - INFO - æ­£åœ¨çˆ¬å–ç¬¬ 27/66 å€‹å‰µä½œè€…: Minecraft content creator
2025-04-06 19:51:31,507 - INFO - å®Œæˆçˆ¬å– Minecraft content creator çš„å…§å®¹
2025-04-06 19:51:33,513 - INFO - æ­£åœ¨çˆ¬å–ç¬¬ 28/66 å€‹å‰µä½œè€…: minecraft Content creator
2025-04-06 19:51:33,811 - INFO - å®Œæˆçˆ¬å– minecraft Content creator çš„å…§å®¹
2025-04-06 19:51:35,816 - INFO - æ­£åœ¨çˆ¬å–ç¬¬ 29/66 å€‹å‰µä½œè€…: doctor4t
2025-04-06 19:51:36,377 - INFO - å®Œæˆçˆ¬å– doctor4t çš„å…§å®¹
2025-04-06 19:51:38,382 - INFO - æ­£åœ¨çˆ¬å–ç¬¬ 30/66 å€‹å‰µä½œè€…: MIscelaniouse Minecraft Content Creator
2025-04-06 19:51:38,666 - INFO - å®Œæˆçˆ¬å– MIscelaniouse Minecraft Content Creator çš„å…§å®¹
2025-04-06 19:51:40,670 - INFO - æ­£åœ¨çˆ¬å–ç¬¬ 31/66 å€‹å‰µä½œè€…: Minecraft Content Creators
2025-04-06 19:51:41,078 - INFO - å®Œæˆçˆ¬å– Minecraft Content Creators çš„å…§å®¹
2025-04-06 19:51:43,083 - INFO - æ­£åœ¨çˆ¬å–ç¬¬ 32/66 å€‹å‰µä½œè€…: Minecraft bros
2025-04-06 19:51:43,409 - INFO - å®Œæˆçˆ¬å– Minecraft bros çš„å…§å®¹
2025-04-06 19:51:45,414 - INFO - æ­£åœ¨çˆ¬å–ç¬¬ 33/66 å€‹å‰µä½œè€…: Slip
2025-04-06 19:51:46,248 - INFO - å®Œæˆçˆ¬å– Slip çš„å…§å®¹
2025-04-06 19:51:48,253 - INFO - æ­£åœ¨çˆ¬å–ç¬¬ 34/66 å€‹å‰µä½œè€…: McCartneyStan
2025-04-06 19:51:48,683 - INFO - å®Œæˆçˆ¬å– McCartneyStan çš„å…§å®¹
2025-04-06 19:51:50,689 - INFO - æ­£åœ¨çˆ¬å–ç¬¬ 35/66 å€‹å‰µä½œè€…: Alwisusilo
2025-04-06 19:51:51,470 - INFO - å®Œæˆçˆ¬å– Alwisusilo çš„å…§å®¹
2025-04-06 19:51:53,475 - INFO - æ­£åœ¨çˆ¬å–ç¬¬ 36/66 å€‹å‰µä½œè€…: Minecraft goat!
2025-04-06 19:51:53,750 - INFO - å®Œæˆçˆ¬å– Minecraft goat! çš„å…§å®¹
2025-04-06 19:51:55,756 - INFO - æ­£åœ¨çˆ¬å–ç¬¬ 37/66 å€‹å‰µä½œè€…: ChrisMC
2025-04-06 19:51:56,393 - INFO - å®Œæˆçˆ¬å– ChrisMC çš„å…§å®¹
2025-04-06 19:51:58,398 - INFO - æ­£åœ¨çˆ¬å–ç¬¬ 38/66 å€‹å‰µä½œè€…: MINECRAFT RK
2025-04-06 19:51:58,806 - INFO - å®Œæˆçˆ¬å– MINECRAFT RK çš„å…§å®¹
2025-04-06 19:52:00,811 - INFO - æ­£åœ¨çˆ¬å–ç¬¬ 39/66 å€‹å‰µä½œè€…: CJL
2025-04-06 19:52:01,243 - INFO - å®Œæˆçˆ¬å– CJL çš„å…§å®¹
2025-04-06 19:52:03,248 - INFO - æ­£åœ¨çˆ¬å–ç¬¬ 40/66 å€‹å‰µä½œè€…: The Minecraft Interviews
2025-04-06 19:52:03,565 - INFO - å®Œæˆçˆ¬å– The Minecraft Interviews çš„å…§å®¹
2025-04-06 19:52:05,570 - INFO - æ­£åœ¨çˆ¬å–ç¬¬ 41/66 å€‹å‰µä½œè€…: Valatic
2025-04-06 19:52:06,221 - INFO - å®Œæˆçˆ¬å– Valatic çš„å…§å®¹
2025-04-06 19:52:08,226 - INFO - æ­£åœ¨çˆ¬å–ç¬¬ 42/66 å€‹å‰µä½œè€…: Dukonred1
2025-04-06 19:52:08,983 - INFO - å®Œæˆçˆ¬å– Dukonred1 çš„å…§å®¹
2025-04-06 19:52:10,988 - INFO - æ­£åœ¨çˆ¬å–ç¬¬ 43/66 å€‹å‰µä½œè€…: JujuStyle7
2025-04-06 19:52:11,379 - INFO - å®Œæˆçˆ¬å– JujuStyle7 çš„å…§å®¹
2025-04-06 19:52:13,384 - INFO - æ­£åœ¨çˆ¬å–ç¬¬ 44/66 å€‹å‰µä½œè€…: Dr. Minecraft
2025-04-06 19:52:14,078 - INFO - å®Œæˆçˆ¬å– Dr. Minecraft çš„å…§å®¹
2025-04-06 19:52:16,084 - INFO - æ­£åœ¨çˆ¬å–ç¬¬ 45/66 å€‹å‰µä½œè€…: ğŠğˆğğ†ğ…ğ‹ğ€ğ˜ğ™
2025-04-06 19:52:16,471 - INFO - å®Œæˆçˆ¬å– ğŠğˆğğ†ğ…ğ‹ğ€ğ˜ğ™ çš„å…§å®¹
2025-04-06 19:52:18,476 - INFO - æ­£åœ¨çˆ¬å–ç¬¬ 46/66 å€‹å‰µä½œè€…: ChosenArchitect
2025-04-06 19:52:19,735 - INFO - å®Œæˆçˆ¬å– ChosenArchitect çš„å…§å®¹
2025-04-06 19:52:21,740 - INFO - æ­£åœ¨çˆ¬å–ç¬¬ 47/66 å€‹å‰µä½œè€…: Gamers React
2025-04-06 19:52:22,203 - INFO - å®Œæˆçˆ¬å– Gamers React çš„å…§å®¹
2025-04-06 19:52:24,208 - INFO - æ­£åœ¨çˆ¬å–ç¬¬ 48/66 å€‹å‰µä½œè€…: Technoblade
2025-04-06 19:52:24,835 - INFO - å®Œæˆçˆ¬å– Technoblade çš„å…§å®¹
2025-04-06 19:52:26,840 - INFO - æ­£åœ¨çˆ¬å–ç¬¬ 49/66 å€‹å‰µä½œè€…: Minecraft
2025-04-06 19:52:27,271 - INFO - å®Œæˆçˆ¬å– Minecraft çš„å…§å®¹
2025-04-06 19:52:29,277 - INFO - æ­£åœ¨çˆ¬å–ç¬¬ 50/66 å€‹å‰µä½œè€…: Dream Team Streams
2025-04-06 19:52:29,668 - INFO - å®Œæˆçˆ¬å– Dream Team Streams çš„å…§å®¹
2025-04-06 19:52:31,673 - INFO - æ­£åœ¨çˆ¬å–ç¬¬ 51/66 å€‹å‰µä½œè€…: Dream
2025-04-06 19:52:32,075 - INFO - å®Œæˆçˆ¬å– Dream çš„å…§å®¹
2025-04-06 19:52:34,080 - INFO - æ­£åœ¨çˆ¬å–ç¬¬ 52/66 å€‹å‰µä½œè€…: EdisonPts
2025-04-06 19:52:35,541 - INFO - å®Œæˆçˆ¬å– EdisonPts çš„å…§å®¹
2025-04-06 19:52:37,546 - INFO - æ­£åœ¨çˆ¬å–ç¬¬ 53/66 å€‹å‰µä½œè€…: Minecraft streamer
2025-04-06 19:52:38,137 - INFO - å®Œæˆçˆ¬å– Minecraft streamer çš„å…§å®¹
2025-04-06 19:52:40,142 - INFO - æ­£åœ¨çˆ¬å–ç¬¬ 54/66 å€‹å‰µä½œè€…: GeorgeNotFound Streams
2025-04-06 19:52:40,616 - INFO - å®Œæˆçˆ¬å– GeorgeNotFound Streams çš„å…§å®¹
2025-04-06 19:52:42,621 - INFO - æ­£åœ¨çˆ¬å–ç¬¬ 55/66 å€‹å‰µä½œè€…: TommyInnit
2025-04-06 19:52:43,078 - INFO - å®Œæˆçˆ¬å– TommyInnit çš„å…§å®¹
2025-04-06 19:52:45,084 - INFO - æ­£åœ¨çˆ¬å–ç¬¬ 56/66 å€‹å‰µä½œè€…: Etoiles
2025-04-06 19:52:45,846 - INFO - å®Œæˆçˆ¬å– Etoiles çš„å…§å®¹
2025-04-06 19:52:47,851 - INFO - æ­£åœ¨çˆ¬å–ç¬¬ 57/66 å€‹å‰µä½œè€…: YOUNG MULTI LIVE
2025-04-06 19:52:48,608 - INFO - å®Œæˆçˆ¬å– YOUNG MULTI LIVE çš„å…§å®¹
2025-04-06 19:52:50,613 - INFO - æ­£åœ¨çˆ¬å–ç¬¬ 58/66 å€‹å‰µä½œè€…: Minecraft Streamer
2025-04-06 19:52:50,902 - INFO - å®Œæˆçˆ¬å– Minecraft Streamer çš„å…§å®¹
2025-04-06 19:52:52,908 - INFO - æ­£åœ¨çˆ¬å–ç¬¬ 59/66 å€‹å‰µä½œè€…: Top Minecraft Streamer Clips
2025-04-06 19:52:53,267 - INFO - å®Œæˆçˆ¬å– Top Minecraft Streamer Clips çš„å…§å®¹
2025-04-06 19:52:55,272 - INFO - æ­£åœ¨çˆ¬å–ç¬¬ 60/66 å€‹å‰µä½œè€…: Minecraft streamer
2025-04-06 19:52:55,548 - INFO - å®Œæˆçˆ¬å– Minecraft streamer çš„å…§å®¹
2025-04-06 19:52:57,554 - INFO - æ­£åœ¨çˆ¬å–ç¬¬ 61/66 å€‹å‰µä½œè€…: TSMC - Minecraft
2025-04-06 19:52:58,445 - INFO - å®Œæˆçˆ¬å– TSMC - Minecraft çš„å…§å®¹
2025-04-06 19:53:00,450 - INFO - æ­£åœ¨çˆ¬å–ç¬¬ 62/66 å€‹å‰µä½œè€…: A Minecraft Movie -FULL STREAM-
2025-04-06 19:53:00,774 - INFO - å®Œæˆçˆ¬å– A Minecraft Movie -FULL STREAM- çš„å…§å®¹
2025-04-06 19:53:02,779 - INFO - æ­£åœ¨çˆ¬å–ç¬¬ 63/66 å€‹å‰µä½œè€…: Minecraft Streamer
2025-04-06 19:53:03,546 - INFO - å®Œæˆçˆ¬å– Minecraft Streamer çš„å…§å®¹
2025-04-06 19:53:05,551 - INFO - æ­£åœ¨çˆ¬å–ç¬¬ 64/66 å€‹å‰µä½œè€…: looking for a good minecraft streamer
2025-04-06 19:53:05,870 - INFO - å®Œæˆçˆ¬å– looking for a good minecraft streamer çš„å…§å®¹
2025-04-06 19:53:07,875 - INFO - æ­£åœ¨çˆ¬å–ç¬¬ 65/66 å€‹å‰µä½œè€…: le streamer Minecraft
2025-04-06 19:53:08,238 - INFO - å®Œæˆçˆ¬å– le streamer Minecraft çš„å…§å®¹
2025-04-06 19:53:10,243 - INFO - æ­£åœ¨çˆ¬å–ç¬¬ 66/66 å€‹å‰µä½œè€…: MUFTI - Minecraft streamer
2025-04-06 19:53:10,706 - INFO - å®Œæˆçˆ¬å– MUFTI - Minecraft streamer çš„å…§å®¹
2025-04-06 19:53:12,712 - INFO - é–‹å§‹åˆ†æå‰µä½œè€…é—œä¿‚...
2025-04-06 19:53:13,359 - INFO - ç¸½é—œä¿‚æ•¸: 102
2025-04-06 19:53:13,359 - INFO - é—œä¿‚é¡å‹çµ±è¨ˆ:
2025-04-06 19:53:13,359 - INFO - mention: 102
2025-04-06 19:53:13,359 - INFO - 
é€£æ¥æœ€å¤šçš„å‰µä½œè€…:
2025-04-06 19:53:13,359 - INFO - Minecraft streamer: 70 å€‹é€£æ¥
2025-04-06 19:53:13,359 - INFO - JujuStyle7: 34 å€‹é€£æ¥
2025-04-06 19:53:13,359 - INFO - minecraft film creator: 3 å€‹é€£æ¥
2025-04-06 19:53:13,359 - INFO - Creator of the Impossible in Minecraft : 3 å€‹é€£æ¥
2025-04-06 19:53:13,359 - INFO - Target3DGaming: 3 å€‹é€£æ¥
2025-04-06 19:53:13,359 - INFO - çˆ¬èŸ²ç¨‹åºåŸ·è¡Œå®Œæˆï¼Œç¸½è€—æ™‚: 0:02:59.848459
2025-04-06 20:10:15,159 - INFO - é–‹å§‹åŸ·è¡Œçˆ¬èŸ²ç¨‹åº
2025-04-06 20:10:15,164 - INFO - è³‡æ–™åº«åˆå§‹åŒ–æˆåŠŸ
2025-04-06 20:10:15,166 - INFO - file_cache is only supported with oauth2client<4.0.0
2025-04-06 20:10:15,169 - INFO - file_cache is only supported with oauth2client<4.0.0
2025-04-06 20:10:15,172 - INFO - é–‹å§‹æœå°‹é—œéµå­—: Minecraft creator
2025-04-06 20:10:15,963 - INFO - æ‰¾åˆ° 0 å€‹å‰µä½œè€…
2025-04-06 20:10:16,965 - INFO - é–‹å§‹æœå°‹é—œéµå­—: Minecraft YouTuber
2025-04-06 20:10:17,501 - INFO - æ‰¾åˆ° 0 å€‹å‰µä½œè€…
2025-04-06 20:10:18,505 - INFO - é–‹å§‹æœå°‹é—œéµå­—: Minecraft content creator
2025-04-06 20:10:19,083 - INFO - æ‰¾åˆ° 0 å€‹å‰µä½œè€…
2025-04-06 20:10:20,086 - INFO - é–‹å§‹æœå°‹é—œéµå­—: Minecraft streamer
2025-04-06 20:10:20,598 - INFO - æ‰¾åˆ° 0 å€‹å‰µä½œè€…
2025-04-06 20:10:21,602 - WARNING - æ²’æœ‰æ‰¾åˆ°ä»»ä½•å‰µä½œè€…ï¼Œè·³éå…§å®¹çˆ¬å–å’Œé—œä¿‚åˆ†æ
2025-04-06 20:10:21,603 - INFO - çˆ¬èŸ²ç¨‹åºåŸ·è¡Œå®Œæˆï¼Œç¸½è€—æ™‚: 0:00:06.443853
2025-04-06 20:11:33,664 - INFO - é–‹å§‹åŸ·è¡Œçˆ¬èŸ²ç¨‹åº
2025-04-06 20:11:33,666 - INFO - è³‡æ–™åº«åˆå§‹åŒ–æˆåŠŸ
2025-04-06 20:11:33,667 - INFO - file_cache is only supported with oauth2client<4.0.0
2025-04-06 20:11:33,670 - INFO - file_cache is only supported with oauth2client<4.0.0
2025-04-06 20:11:33,672 - INFO - é–‹å§‹æœå°‹é—œéµå­—: Minecraft creator
2025-04-06 20:11:34,292 - INFO - æ‰¾åˆ° 0 å€‹å‰µä½œè€…
2025-04-06 20:11:35,298 - INFO - é–‹å§‹æœå°‹é—œéµå­—: Minecraft YouTuber
2025-04-06 20:11:35,739 - INFO - æ‰¾åˆ° 0 å€‹å‰µä½œè€…
2025-04-06 20:11:36,744 - INFO - é–‹å§‹æœå°‹é—œéµå­—: Minecraft content creator
2025-04-06 20:11:37,220 - INFO - æ‰¾åˆ° 0 å€‹å‰µä½œè€…
2025-04-06 20:11:38,223 - INFO - é–‹å§‹æœå°‹é—œéµå­—: Minecraft streamer
2025-04-06 20:11:38,693 - INFO - æ‰¾åˆ° 0 å€‹å‰µä½œè€…
2025-04-06 20:11:39,699 - WARNING - æ²’æœ‰æ‰¾åˆ°ä»»ä½•å‰µä½œè€…ï¼Œè·³éå…§å®¹çˆ¬å–å’Œé—œä¿‚åˆ†æ
2025-04-06 20:11:39,700 - INFO - çˆ¬èŸ²ç¨‹åºåŸ·è¡Œå®Œæˆï¼Œç¸½è€—æ™‚: 0:00:06.035860
